#
# There is insufficient memory for the Java Runtime Environment to continue.
# Native memory allocation (mmap) failed to map 134217728 bytes. Error detail: G1 virtual space
# Possible reasons:
#   The system is out of physical RAM or swap space
#   This process is running with CompressedOops enabled, and the Java Heap may be blocking the growth of the native heap
# Possible solutions:
#   Reduce memory load on the system
#   Increase physical memory or swap space
#   Check if swap backing store is full
#   Decrease Java heap size (-Xmx/-Xms)
#   Decrease number of Java threads
#   Decrease Java thread stack sizes (-Xss)
#   Set larger code cache with -XX:ReservedCodeCacheSize=
#   JVM is running with Unscaled Compressed Oops mode in which the Java heap is
#     placed in the first 4GB address space. The Java Heap base address is the
#     maximum limit for the native heap growth. Please use -XX:HeapBaseMinAddress
#     to set the Java Heap base and to place the Java Heap above 4GB virtual address.
# This output file may be truncated or incomplete.
#
#  Out of Memory Error (os_windows.cpp:3925), pid=9672, tid=18628
#
# JRE version:  (21.0.9+1) (build )
# Java VM: OpenJDK 64-Bit Server VM (21.0.9+1-b1163.86, mixed mode, sharing, tiered, compressed oops, compressed class ptrs, g1 gc, windows-amd64)
# No core dump will be written. Minidumps are not enabled by default on client versions of Windows
#

---------------  S U M M A R Y ------------

Command Line: -Djava.rmi.server.hostname=127.0.0.1 -Duser.timezone=UTC -Xmx2048m -Xms128m --add-exports=java.desktop/sun.awt=ALL-UNNAMED --add-exports=java.desktop/java.awt.peer=ALL-UNNAMED --add-opens=java.desktop/java.awt=ALL-UNNAMED --add-opens=jdk.unsupported/sun.misc=ALL-UNNAMED --add-opens=java.base/java.nio=ALL-UNNAMED --add-opens=java.base/java.util=ALL-UNNAMED -Dfile.encoding=UTF-8 -Dsun.stdout.encoding=UTF-8 -Dsun.stderr.encoding=UTF-8 com.intellij.database.remote.RemoteJdbcServer oracle.jdbc.OracleDriver

Host: 12th Gen Intel(R) Core(TM) i5-1235U, 12 cores, 15G,  Windows 11 , 64 bit Build 26100 (10.0.26100.8246)
Time: Thu May  7 09:34:18 2026 SE Asia Standard Time elapsed time: 2.013589 seconds (0d 0h 0m 2s)

---------------  T H R E A D  ---------------

Current thread (0x000001c3b6d4f160):  JavaThread "Unknown thread" [_thread_in_vm, id=18628, stack(0x000000b1abe00000,0x000000b1abf00000) (1024K)]

Stack: [0x000000b1abe00000,0x000000b1abf00000]
Native frames: (J=compiled Java code, j=interpreted, Vv=VM code, C=native code)
V  [jvm.dll+0x6ec339]
V  [jvm.dll+0x8cc463]
V  [jvm.dll+0x8cea7e]
V  [jvm.dll+0x8cf163]
V  [jvm.dll+0x28b006]
V  [jvm.dll+0x6e8b15]
V  [jvm.dll+0x6dc1aa]
V  [jvm.dll+0x366a7b]
V  [jvm.dll+0x36e666]
V  [jvm.dll+0x3c0bd6]
V  [jvm.dll+0x3c0ea8]
V  [jvm.dll+0x33922c]
V  [jvm.dll+0x339f1b]
V  [jvm.dll+0x893b29]
V  [jvm.dll+0x3cdda8]
V  [jvm.dll+0x87ca68]
V  [jvm.dll+0x462a4e]
V  [jvm.dll+0x464731]
C  [jli.dll+0x52ab]
C  [ucrtbase.dll+0x37b0]
C  [KERNEL32.DLL+0x2e8d7]
C  [ntdll.dll+0x8c3fc]


---------------  P R O C E S S  ---------------

Threads class SMR info:
_java_thread_list=0x00007ffd44b952c8, length=0, elements={
}

Java Threads: ( => current thread )
Total: 0

Other Threads:
  0x000001c3b6da6030 WorkerThread "GC Thread#0"                     [id=24544, stack(0x000000b1abf00000,0x000000b1ac000000) (1024K)]
  0x000001c3b6db6f20 ConcurrentGCThread "G1 Main Marker"            [id=12668, stack(0x000000b1ac000000,0x000000b1ac100000) (1024K)]
  0x000001c3b6db7930 WorkerThread "G1 Conc#0"                       [id=16996, stack(0x000000b1ac100000,0x000000b1ac200000) (1024K)]

[error occurred during error reporting (printing all threads), id 0xc0000005, EXCEPTION_ACCESS_VIOLATION (0xc0000005) at pc=0x00007ffd4427c287]
VM state: not at safepoint (not fully initialized)

VM Mutex/Monitor currently owned by a thread:  ([mutex/lock_event])
[0x00007ffd44c09e30] Heap_lock - owner thread: 0x000001c3b6d4f160

Heap address: 0x0000000080000000, size: 2048 MB, Compressed Oops mode: 32-bit

CDS archive(s) mapped at: [0x0000000000000000-0x0000000000000000-0x0000000000000000), size 0, SharedBaseAddress: 0x0000000800000000, ArchiveRelocationMode: 1.
Narrow klass base: 0x0000000000000000, Narrow klass shift: 0, Narrow klass range: 0x0

GC Precious Log:
 CardTable entry size: 512
 Card Set container configuration: InlinePtr #cards 5 size 8 Array Of Cards #cards 12 size 40 Howl #buckets 4 coarsen threshold 1843 Howl Bitmap #cards 512 size 80 coarsen threshold 460 Card regions per heap region 1 cards per card region 2048

Heap:
 garbage-first heap   total 0K, used 0K [0x0000000080000000, 0x0000000100000000)
  region size 1024K, 0 young (0K), 0 survivors (0K)
 Metaspace       used 0K, committed 0K, reserved 0K
  class space    used 0K, committed 0K, reserved 0K

Heap Regions: E=young(eden), S=young(survivor), O=old, HS=humongous(starts), HC=humongous(continues), CS=collection set, F=free, TAMS=top-at-mark-start, PB=parsable bottom

Card table byte_map: [0x000001c3ca6f0000,0x000001c3caaf0000] _byte_map_base: 0x000001c3ca2f0000

Marking Bits: (CMBitMap*) 0x000001c3b6da6640
 Bits: [0x000001c3caaf0000, 0x000001c3ccaf0000)

GC Heap History (0 events):
No events

Dll operation events (1 events):
Event: 0.006 Loaded shared library C:\Program Files\JetBrains\IntelliJ IDEA 2025.3.1.1\jbr\bin\java.dll

Deoptimization events (0 events):
No events

Classes loaded (0 events):
No events

Classes unloaded (0 events):
No events

Classes redefined (0 events):
No events

Internal exceptions (0 events):
No events

ZGC Phase Switch (0 events):
No events

VM Operations (0 events):
No events

Memory protections (0 events):
No events

Nmethod flushes (0 events):
No events

Events (0 events):
No events


Dynamic libraries:
0x00007ff7d7170000 - 0x00007ff7d717a000 	C:\Program Files\JetBrains\IntelliJ IDEA 2025.3.1.1\jbr\bin\java.exe
0x00007ffde0100000 - 0x00007ffde0367000 	C:\WINDOWS\SYSTEM32\ntdll.dll
0x00007ffdde650000 - 0x00007ffdde719000 	C:\WINDOWS\System32\KERNEL32.DLL
0x00007ffddc9d0000 - 0x00007ffddcdc4000 	C:\WINDOWS\System32\KERNELBASE.dll
0x00007ffddd350000 - 0x00007ffddd49b000 	C:\WINDOWS\System32\ucrtbase.dll
0x00007ffd794c0000 - 0x00007ffd794db000 	C:\Program Files\JetBrains\IntelliJ IDEA 2025.3.1.1\jbr\bin\VCRUNTIME140.dll
0x00007ffdd4e40000 - 0x00007ffdd4e58000 	C:\Program Files\JetBrains\IntelliJ IDEA 2025.3.1.1\jbr\bin\jli.dll
0x00007ffdde130000 - 0x00007ffdde2f5000 	C:\WINDOWS\System32\USER32.dll
0x00007ffddd0b0000 - 0x00007ffddd0d7000 	C:\WINDOWS\System32\win32u.dll
0x00007ffddfd60000 - 0x00007ffddfd8b000 	C:\WINDOWS\System32\GDI32.dll
0x00007ffdbe760000 - 0x00007ffdbe9f3000 	C:\WINDOWS\WinSxS\amd64_microsoft.windows.common-controls_6595b64144ccf1df_6.0.26100.8115_none_3e075c82e3354f9c\COMCTL32.dll
0x00007ffddd220000 - 0x00007ffddd34b000 	C:\WINDOWS\System32\gdi32full.dll
0x00007ffddcdd0000 - 0x00007ffddce73000 	C:\WINDOWS\System32\msvcp_win.dll
0x00007ffdde300000 - 0x00007ffdde3a9000 	C:\WINDOWS\System32\msvcrt.dll
0x00007ffdde0e0000 - 0x00007ffdde112000 	C:\WINDOWS\System32\IMM32.DLL
0x00007ffd8df20000 - 0x00007ffd8df2c000 	C:\Program Files\JetBrains\IntelliJ IDEA 2025.3.1.1\jbr\bin\vcruntime140_1.dll
0x00007ffdc7da0000 - 0x00007ffdc7e2d000 	C:\Program Files\JetBrains\IntelliJ IDEA 2025.3.1.1\jbr\bin\msvcp140.dll
0x00007ffd43f30000 - 0x00007ffd44cfd000 	C:\Program Files\JetBrains\IntelliJ IDEA 2025.3.1.1\jbr\bin\server\jvm.dll
0x00007ffddea90000 - 0x00007ffddeb46000 	C:\WINDOWS\System32\ADVAPI32.dll
0x00007ffdde720000 - 0x00007ffdde7c7000 	C:\WINDOWS\System32\sechost.dll
0x00007ffdde3b0000 - 0x00007ffdde4c8000 	C:\WINDOWS\System32\RPCRT4.dll
0x00007ffdddeb0000 - 0x00007ffdddf30000 	C:\WINDOWS\System32\WS2_32.dll
0x00007ffdd79b0000 - 0x00007ffdd79e6000 	C:\WINDOWS\SYSTEM32\WINMM.dll
0x00007ffdc5bf0000 - 0x00007ffdc5bfb000 	C:\WINDOWS\SYSTEM32\VERSION.dll
0x00007ffddc830000 - 0x00007ffddc88e000 	C:\WINDOWS\SYSTEM32\POWRPROF.dll
0x00007ffddc810000 - 0x00007ffddc824000 	C:\WINDOWS\SYSTEM32\UMPDC.dll
0x00007ffddb720000 - 0x00007ffddb73b000 	C:\WINDOWS\SYSTEM32\kernel.appcore.dll
0x00007ffd8af30000 - 0x00007ffd8af3a000 	C:\Program Files\JetBrains\IntelliJ IDEA 2025.3.1.1\jbr\bin\jimage.dll
0x00007ffdda850000 - 0x00007ffddaa92000 	C:\WINDOWS\SYSTEM32\DBGHELP.DLL
0x00007ffddf9d0000 - 0x00007ffddfd52000 	C:\WINDOWS\System32\combase.dll
0x00007ffdde7d0000 - 0x00007ffdde8a8000 	C:\WINDOWS\System32\OLEAUT32.dll
0x00007ffdc48b0000 - 0x00007ffdc48eb000 	C:\WINDOWS\SYSTEM32\dbgcore.DLL
0x00007ffddd170000 - 0x00007ffddd215000 	C:\WINDOWS\System32\bcryptPrimitives.dll
0x00007ffd794a0000 - 0x00007ffd794c0000 	C:\Program Files\JetBrains\IntelliJ IDEA 2025.3.1.1\jbr\bin\java.dll

JVMTI agents: none

dbghelp: loaded successfully - version: 4.0.5 - missing functions: none
symbol engine: initialized successfully - sym options: 0x614 - pdb path: .;C:\Program Files\JetBrains\IntelliJ IDEA 2025.3.1.1\jbr\bin;C:\WINDOWS\SYSTEM32;C:\WINDOWS\WinSxS\amd64_microsoft.windows.common-controls_6595b64144ccf1df_6.0.26100.8115_none_3e075c82e3354f9c;C:\Program Files\JetBrains\IntelliJ IDEA 2025.3.1.1\jbr\bin\server

VM Arguments:
jvm_args: -Djava.rmi.server.hostname=127.0.0.1 -Duser.timezone=UTC -Xmx2048m -Xms128m --add-exports=java.desktop/sun.awt=ALL-UNNAMED --add-exports=java.desktop/java.awt.peer=ALL-UNNAMED --add-opens=java.desktop/java.awt=ALL-UNNAMED --add-opens=jdk.unsupported/sun.misc=ALL-UNNAMED --add-opens=java.base/java.nio=ALL-UNNAMED --add-opens=java.base/java.util=ALL-UNNAMED -Dfile.encoding=UTF-8 -Dsun.stdout.encoding=UTF-8 -Dsun.stderr.encoding=UTF-8 
java_command: com.intellij.database.remote.RemoteJdbcServer oracle.jdbc.OracleDriver
java_class_path (initial): C:\Program Files\JetBrains\IntelliJ IDEA 2025.3.1.1\lib\util_rt.jar;C:\Program Files\JetBrains\IntelliJ IDEA 2025.3.1.1\lib\module-intellij.libraries.fastutil.jar;C:\Program Files\JetBrains\IntelliJ IDEA 2025.3.1.1\lib\groovy.jar;C:\Program Files\JetBrains\IntelliJ IDEA 2025.3.1.1\plugins\DatabaseTools\lib\modules\intellij.database.jdbcConsole.jar;C:\Program Files\JetBrains\IntelliJ IDEA 2025.3.1.1\lib\modules\intellij.grid.types.jar;C:\Program Files\JetBrains\IntelliJ IDEA 2025.3.1.1\lib\util.jar;C:\Program Files\JetBrains\IntelliJ IDEA 2025.3.1.1\lib\module-intellij.libraries.bouncy.castle.provider.jar
Launcher Type: SUN_STANDARD

[Global flags]
     intx CICompilerCount                          = 4                                         {product} {ergonomic}
     uint ConcGCThreads                            = 3                                         {product} {ergonomic}
     uint G1ConcRefinementThreads                  = 10                                        {product} {ergonomic}
   size_t G1HeapRegionSize                         = 1048576                                   {product} {ergonomic}
    uintx GCDrainStackTargetSize                   = 64                                        {product} {ergonomic}
   size_t InitialHeapSize                          = 134217728                                 {product} {command line}
   size_t MarkStackSize                            = 4194304                                   {product} {ergonomic}
   size_t MaxHeapSize                              = 2147483648                                {product} {command line}
   size_t MinHeapDeltaBytes                        = 1048576                                   {product} {ergonomic}
   size_t MinHeapSize                              = 134217728                                 {product} {command line}
    uintx NonNMethodCodeHeapSize                   = 5839372                                {pd product} {ergonomic}
    uintx NonProfiledCodeHeapSize                  = 122909434                              {pd product} {ergonomic}
    uintx ProfiledCodeHeapSize                     = 122909434                              {pd product} {ergonomic}
    uintx ReservedCodeCacheSize                    = 251658240                              {pd product} {ergonomic}
     bool SegmentedCodeCache                       = true                                      {product} {ergonomic}
   size_t SoftMaxHeapSize                          = 2147483648                             {manageable} {ergonomic}
     bool UseCompressedOops                        = true                           {product lp64_product} {ergonomic}
     bool UseG1GC                                  = true                                      {product} {ergonomic}
     bool UseLargePagesIndividualAllocation        = false                                  {pd product} {ergonomic}

Logging:
Log output configuration:
 #0: stdout all=warning uptime,level,tags foldmultilines=false
 #1: stderr all=off uptime,level,tags foldmultilines=false

Release file:
<release file has not been read>
Environment Variables:
JAVA_HOME=C:\Users\Thanh Trung\Downloads\jdk-23_windows-x64_bin\jdk-23.0.1
PATH=C:\WINDOWS\system32;C:\WINDOWS;C:\WINDOWS\System32\Wbem;C:\WINDOWS\System32\WindowsPowerShell\v1.0\;C:\WINDOWS\System32\OpenSSH\;C:\Program Files\dotnet\;C:\Program Files\Microsoft SQL Server\Client SDK\ODBC\170\Tools\Binn\;C:\Program Files (x86)\Microsoft SQL Server\150\Tools\Binn\;C:\Program Files\Microsoft SQL Server\150\Tools\Binn\;C:\Program Files\Microsoft SQL Server\150\DTS\Binn\;C:\Program Files (x86)\Microsoft SQL Server\150\DTS\Binn\;C:\Program Files\Azure Data Studio\bin;C:\MinGW\bin;C:\Program Files\Docker\Docker\resources\bin;C:\Users\Thanh Trung\Downloads\jdk-23_windows-x64_bin\jdk-23.0.1\bin;C:\Program Files (x86)\ZeroTier\One\;C:\Users\Thanh Trung\AppData\Local\Android\Sdk\tools;C:\Users\Thanh Trung\AppData\Local\Android\Sdk\platform-tools;C:\Program Files\Git\cmd;C:\Program Files\MySQL\MySQL Server 8.0\bin;C:\Program Files\nodejs\;C:\Users\Thanh Trung\AppData\Local\Microsoft\WindowsApps;C:\Program Files\Azure Data Studio\bin;C:\Users\Thanh Trung\AppData\Local\Programs\Microsoft VS Code\bin;C:\Users\Thanh Trung\Downloads\ngrok-v3-stable-windows-amd64;C:\Users\Thanh Trung\AppData\Roaming\npm;C:\Users\Thanh Trung\.dotnet\tools
USERNAME=Thanh Trung
OS=Windows_NT
PROCESSOR_IDENTIFIER=Intel64 Family 6 Model 154 Stepping 4, GenuineIntel
TMP=C:\Users\THANHT~1\AppData\Local\Temp
TEMP=C:\Users\THANHT~1\AppData\Local\Temp




Periodic native trim disabled

JNI global refs:
JNI global refs: 0, weak refs: 0

JNI global refs memory usage: 0, weak refs: 0

Process memory usage:
Resident Set Size: 13068K (0% of 16454344K total physical memory with 1064036K free physical memory)

OOME stack traces (most recent first):
Classloader memory used:

---------------  S Y S T E M  ---------------

OS:
 Windows 11 , 64 bit Build 26100 (10.0.26100.8246)
OS uptime: 0 days 0:30 hours
Hyper-V role detected

CPU: total 12 (initial active 12) (6 cores per cpu, 2 threads per core) family 6 model 154 stepping 4 microcode 0x43b, cx8, cmov, fxsr, ht, mmx, 3dnowpref, sse, sse2, sse3, ssse3, sse4.1, sse4.2, popcnt, lzcnt, tsc, tscinvbit, avx, avx2, aes, erms, clmul, bmi1, bmi2, adx, sha, fma, vzeroupper, clflush, clflushopt, clwb, hv, serialize, rdtscp, rdpid, fsrm, f16c, cet_ibt, cet_ss
Processor Information for the first 12 processors :
  Max Mhz: 1300, Current Mhz: 1300, Mhz Limit: 1300

Memory: 4k page, system-wide physical 16068M (1039M free)
TotalPageFile size 22068M (AvailPageFile size 65M)
current process WorkingSet (physical memory assigned to process): 12M, peak: 12M
current process commit charge ("private bytes"): 64M, peak: 192M

vm_info: OpenJDK 64-Bit Server VM (21.0.9+1-b1163.86) for windows-amd64 JRE (21.0.9+1-b1163.86), built on 2025-12-02 by "builduser" with MS VC++ 16.10 / 16.11 (VS2019)

END.
