#
# There is insufficient memory for the Java Runtime Environment to continue.
# Native memory allocation (malloc) failed to allocate 407632 bytes. Error detail: Chunk::new
# Possible reasons:
#   The system is out of physical RAM or swap space
#   This process is running with CompressedOops enabled, and the Java Heap may be blocking the growth of the native heap
# Possible solutions:
#   Reduce memory load on the system
#   Increase physical memory or swap space
#   Check if swap backing store is full
#   Decrease Java heap size (-Xmx/-Xms)
#   Decrease number of Java threads
#   Decrease Java thread stack sizes (-Xss)
#   Set larger code cache with -XX:ReservedCodeCacheSize=
#   JVM is running with Unscaled Compressed Oops mode in which the Java heap is
#     placed in the first 4GB address space. The Java Heap base address is the
#     maximum limit for the native heap growth. Please use -XX:HeapBaseMinAddress
#     to set the Java Heap base and to place the Java Heap above 4GB virtual address.
# This output file may be truncated or incomplete.
#
#  Out of Memory Error (arena.cpp:168), pid=10124, tid=24228
#
# JRE version: OpenJDK Runtime Environment JBR-21.0.9+1-1163.86-jcef (21.0.9+1) (build 21.0.9+1-b1163.86)
# Java VM: OpenJDK 64-Bit Server VM JBR-21.0.9+1-1163.86-jcef (21.0.9+1-b1163.86, mixed mode, tiered, compressed oops, compressed class ptrs, g1 gc, windows-amd64)
# No core dump will be written. Minidumps are not enabled by default on client versions of Windows
#

---------------  S U M M A R Y ------------

Command Line: -Djava.rmi.server.hostname=127.0.0.1 -Duser.timezone=UTC -Xmx2048m -Xms128m --add-exports=java.desktop/sun.awt=ALL-UNNAMED --add-exports=java.desktop/java.awt.peer=ALL-UNNAMED --add-opens=java.desktop/java.awt=ALL-UNNAMED --add-opens=jdk.unsupported/sun.misc=ALL-UNNAMED --add-opens=java.base/java.nio=ALL-UNNAMED --add-opens=java.base/java.util=ALL-UNNAMED -Dfile.encoding=UTF-8 -Dsun.stdout.encoding=UTF-8 -Dsun.stderr.encoding=UTF-8 com.intellij.database.remote.RemoteJdbcServer oracle.jdbc.OracleDriver

Host: 12th Gen Intel(R) Core(TM) i5-1235U, 12 cores, 15G,  Windows 11 , 64 bit Build 26100 (10.0.26100.8246)
Time: Thu May  7 09:38:55 2026 SE Asia Standard Time elapsed time: 8.352800 seconds (0d 0h 0m 8s)

---------------  T H R E A D  ---------------

Current thread (0x000002470f470650):  JavaThread "C2 CompilerThread1" daemon [_thread_in_native, id=24228, stack(0x0000005766f00000,0x0000005767000000) (1024K)]


Current CompileTask:
C2:8352  496   !   4       java.util.concurrent.ConcurrentHashMap::transfer (849 bytes)

Stack: [0x0000005766f00000,0x0000005767000000]
Native frames: (J=compiled Java code, j=interpreted, Vv=VM code, C=native code)
V  [jvm.dll+0x6ec339]
V  [jvm.dll+0x8cc463]
V  [jvm.dll+0x8cea7e]
V  [jvm.dll+0x8cf163]
V  [jvm.dll+0x28b006]
V  [jvm.dll+0xc6f3d]
V  [jvm.dll+0xc7473]
V  [jvm.dll+0x3c7dfb]
V  [jvm.dll+0x3938f7]
V  [jvm.dll+0x392d6a]
V  [jvm.dll+0x251fa2]
V  [jvm.dll+0x251571]
V  [jvm.dll+0x1ceb04]
V  [jvm.dll+0x260e0e]
V  [jvm.dll+0x25f356]
V  [jvm.dll+0x4031b6]
V  [jvm.dll+0x874178]
V  [jvm.dll+0x6eaabd]
C  [ucrtbase.dll+0x37b0]
C  [KERNEL32.DLL+0x2e8d7]
C  [ntdll.dll+0x8c3fc]


---------------  P R O C E S S  ---------------

Threads class SMR info:
_java_thread_list=0x000002470f1d0df0, length=12, elements={
0x000002476d0e3420, 0x000002470f1849e0, 0x000002470f1b1d50, 0x000002470f1b27b0,
0x000002470f1c4510, 0x000002470f1d42c0, 0x000002470f1d5650, 0x000002470f1d60b0,
0x000002470f1d8b70, 0x000002470f1da330, 0x000002470f3aa4d0, 0x000002470f470650
}

Java Threads: ( => current thread )
  0x000002476d0e3420 JavaThread "main"                              [_thread_in_Java, id=17668, stack(0x0000005765d00000,0x0000005765e00000) (1024K)]
  0x000002470f1849e0 JavaThread "Common-Cleaner"             daemon [_thread_blocked, id=2884, stack(0x0000005766500000,0x0000005766600000) (1024K)]
  0x000002470f1b1d50 JavaThread "Reference Handler"          daemon [_thread_blocked, id=20144, stack(0x0000005766600000,0x0000005766700000) (1024K)]
  0x000002470f1b27b0 JavaThread "Finalizer"                  daemon [_thread_blocked, id=22380, stack(0x0000005766700000,0x0000005766800000) (1024K)]
  0x000002470f1c4510 JavaThread "Signal Dispatcher"          daemon [_thread_blocked, id=17212, stack(0x0000005766800000,0x0000005766900000) (1024K)]
  0x000002470f1d42c0 JavaThread "Attach Listener"            daemon [_thread_blocked, id=23452, stack(0x0000005766900000,0x0000005766a00000) (1024K)]
  0x000002470f1d5650 JavaThread "Service Thread"             daemon [_thread_blocked, id=14236, stack(0x0000005766a00000,0x0000005766b00000) (1024K)]
  0x000002470f1d60b0 JavaThread "Monitor Deflation Thread"   daemon [_thread_blocked, id=8668, stack(0x0000005766b00000,0x0000005766c00000) (1024K)]
  0x000002470f1d8b70 JavaThread "C2 CompilerThread0"         daemon [_thread_blocked, id=13804, stack(0x0000005766c00000,0x0000005766d00000) (1024K)]
  0x000002470f1da330 JavaThread "C1 CompilerThread0"         daemon [_thread_blocked, id=13824, stack(0x0000005766d00000,0x0000005766e00000) (1024K)]
  0x000002470f3aa4d0 JavaThread "Notification Thread"        daemon [_thread_blocked, id=8444, stack(0x0000005766e00000,0x0000005766f00000) (1024K)]
=>0x000002470f470650 JavaThread "C2 CompilerThread1"         daemon [_thread_in_native, id=24228, stack(0x0000005766f00000,0x0000005767000000) (1024K)]
Total: 12

Other Threads:
  0x000002470f15abe0 VMThread "VM Thread"                           [id=3088, stack(0x0000005766400000,0x0000005766500000) (1024K)]
  0x0000024778fee180 WatcherThread "VM Periodic Task Thread"        [id=18464, stack(0x0000005766300000,0x0000005766400000) (1024K)]
  0x000002476f674ac0 WorkerThread "GC Thread#0"                     [id=16372, stack(0x0000005765e00000,0x0000005765f00000) (1024K)]
  0x000002476f6859b0 ConcurrentGCThread "G1 Main Marker"            [id=3856, stack(0x0000005765f00000,0x0000005766000000) (1024K)]
  0x000002476f6863c0 WorkerThread "G1 Conc#0"                       [id=15540, stack(0x0000005766000000,0x0000005766100000) (1024K)]
  0x0000024778eb1140 ConcurrentGCThread "G1 Refine#0"               [id=4452, stack(0x0000005766100000,0x0000005766200000) (1024K)]
  0x0000024778eb1a60 ConcurrentGCThread "G1 Service"                [id=21232, stack(0x0000005766200000,0x0000005766300000) (1024K)]
Total: 7

Threads with active compile tasks:
C2 CompilerThread1  8366  496   !   4       java.util.concurrent.ConcurrentHashMap::transfer (849 bytes)
Total: 1

VM state: not at safepoint (normal execution)

VM Mutex/Monitor currently owned by a thread: None

Heap address: 0x0000000080000000, size: 2048 MB, Compressed Oops mode: 32-bit

CDS archive(s) not mapped
Compressed class space mapped at: 0x0000000100000000-0x0000000140000000, reserved size: 1073741824
Narrow klass base: 0x0000000000000000, Narrow klass shift: 3, Narrow klass range: 0x140000000

GC Precious Log:
 CardTable entry size: 512
 Card Set container configuration: InlinePtr #cards 5 size 8 Array Of Cards #cards 12 size 40 Howl #buckets 4 coarsen threshold 1843 Howl Bitmap #cards 512 size 80 coarsen threshold 460 Card regions per heap region 1 cards per card region 2048
 CPUs: 12 total, 12 available
 Memory: 16068M
 Large Page Support: Disabled
 NUMA Support: Disabled
 Compressed Oops: Enabled (32-bit)
 Heap Region Size: 1M
 Heap Min Capacity: 128M
 Heap Initial Capacity: 128M
 Heap Max Capacity: 2G
 Pre-touch: Disabled
 Parallel Workers: 10
 Concurrent Workers: 3
 Concurrent Refinement Workers: 10
 Periodic GC: Disabled

Heap:
 garbage-first heap   total 131072K, used 12288K [0x0000000080000000, 0x0000000100000000)
  region size 1024K, 11 young (11264K), 0 survivors (0K)
 Metaspace       used 10182K, committed 10304K, reserved 1114112K
  class space    used 977K, committed 1024K, reserved 1048576K

Heap Regions: E=young(eden), S=young(survivor), O=old, HS=humongous(starts), HC=humongous(continues), CS=collection set, F=free, TAMS=top-at-mark-start, PB=parsable bottom
|   0|0x0000000080000000, 0x0000000080100000, 0x0000000080100000|100%|HS|  |TAMS 0x0000000080000000| PB 0x0000000080000000| Complete 
|   1|0x0000000080100000, 0x0000000080200000, 0x0000000080200000|100%|HS|  |TAMS 0x0000000080100000| PB 0x0000000080100000| Complete 
|   2|0x0000000080200000, 0x0000000080200000, 0x0000000080300000|  0%| F|  |TAMS 0x0000000080200000| PB 0x0000000080200000| Untracked 
|   3|0x0000000080300000, 0x0000000080300000, 0x0000000080400000|  0%| F|  |TAMS 0x0000000080300000| PB 0x0000000080300000| Untracked 
|   4|0x0000000080400000, 0x0000000080400000, 0x0000000080500000|  0%| F|  |TAMS 0x0000000080400000| PB 0x0000000080400000| Untracked 
|   5|0x0000000080500000, 0x0000000080500000, 0x0000000080600000|  0%| F|  |TAMS 0x0000000080500000| PB 0x0000000080500000| Untracked 
|   6|0x0000000080600000, 0x0000000080600000, 0x0000000080700000|  0%| F|  |TAMS 0x0000000080600000| PB 0x0000000080600000| Untracked 
|   7|0x0000000080700000, 0x0000000080700000, 0x0000000080800000|  0%| F|  |TAMS 0x0000000080700000| PB 0x0000000080700000| Untracked 
|   8|0x0000000080800000, 0x0000000080800000, 0x0000000080900000|  0%| F|  |TAMS 0x0000000080800000| PB 0x0000000080800000| Untracked 
|   9|0x0000000080900000, 0x0000000080900000, 0x0000000080a00000|  0%| F|  |TAMS 0x0000000080900000| PB 0x0000000080900000| Untracked 
|  10|0x0000000080a00000, 0x0000000080a00000, 0x0000000080b00000|  0%| F|  |TAMS 0x0000000080a00000| PB 0x0000000080a00000| Untracked 
|  11|0x0000000080b00000, 0x0000000080b00000, 0x0000000080c00000|  0%| F|  |TAMS 0x0000000080b00000| PB 0x0000000080b00000| Untracked 
|  12|0x0000000080c00000, 0x0000000080c00000, 0x0000000080d00000|  0%| F|  |TAMS 0x0000000080c00000| PB 0x0000000080c00000| Untracked 
|  13|0x0000000080d00000, 0x0000000080d00000, 0x0000000080e00000|  0%| F|  |TAMS 0x0000000080d00000| PB 0x0000000080d00000| Untracked 
|  14|0x0000000080e00000, 0x0000000080e00000, 0x0000000080f00000|  0%| F|  |TAMS 0x0000000080e00000| PB 0x0000000080e00000| Untracked 
|  15|0x0000000080f00000, 0x0000000080f00000, 0x0000000081000000|  0%| F|  |TAMS 0x0000000080f00000| PB 0x0000000080f00000| Untracked 
|  16|0x0000000081000000, 0x0000000081000000, 0x0000000081100000|  0%| F|  |TAMS 0x0000000081000000| PB 0x0000000081000000| Untracked 
|  17|0x0000000081100000, 0x0000000081100000, 0x0000000081200000|  0%| F|  |TAMS 0x0000000081100000| PB 0x0000000081100000| Untracked 
|  18|0x0000000081200000, 0x0000000081200000, 0x0000000081300000|  0%| F|  |TAMS 0x0000000081200000| PB 0x0000000081200000| Untracked 
|  19|0x0000000081300000, 0x0000000081300000, 0x0000000081400000|  0%| F|  |TAMS 0x0000000081300000| PB 0x0000000081300000| Untracked 
|  20|0x0000000081400000, 0x0000000081400000, 0x0000000081500000|  0%| F|  |TAMS 0x0000000081400000| PB 0x0000000081400000| Untracked 
|  21|0x0000000081500000, 0x0000000081500000, 0x0000000081600000|  0%| F|  |TAMS 0x0000000081500000| PB 0x0000000081500000| Untracked 
|  22|0x0000000081600000, 0x0000000081600000, 0x0000000081700000|  0%| F|  |TAMS 0x0000000081600000| PB 0x0000000081600000| Untracked 
|  23|0x0000000081700000, 0x0000000081700000, 0x0000000081800000|  0%| F|  |TAMS 0x0000000081700000| PB 0x0000000081700000| Untracked 
|  24|0x0000000081800000, 0x0000000081800000, 0x0000000081900000|  0%| F|  |TAMS 0x0000000081800000| PB 0x0000000081800000| Untracked 
|  25|0x0000000081900000, 0x0000000081900000, 0x0000000081a00000|  0%| F|  |TAMS 0x0000000081900000| PB 0x0000000081900000| Untracked 
|  26|0x0000000081a00000, 0x0000000081a00000, 0x0000000081b00000|  0%| F|  |TAMS 0x0000000081a00000| PB 0x0000000081a00000| Untracked 
|  27|0x0000000081b00000, 0x0000000081b00000, 0x0000000081c00000|  0%| F|  |TAMS 0x0000000081b00000| PB 0x0000000081b00000| Untracked 
|  28|0x0000000081c00000, 0x0000000081c00000, 0x0000000081d00000|  0%| F|  |TAMS 0x0000000081c00000| PB 0x0000000081c00000| Untracked 
|  29|0x0000000081d00000, 0x0000000081d00000, 0x0000000081e00000|  0%| F|  |TAMS 0x0000000081d00000| PB 0x0000000081d00000| Untracked 
|  30|0x0000000081e00000, 0x0000000081e00000, 0x0000000081f00000|  0%| F|  |TAMS 0x0000000081e00000| PB 0x0000000081e00000| Untracked 
|  31|0x0000000081f00000, 0x0000000081f00000, 0x0000000082000000|  0%| F|  |TAMS 0x0000000081f00000| PB 0x0000000081f00000| Untracked 
|  32|0x0000000082000000, 0x0000000082000000, 0x0000000082100000|  0%| F|  |TAMS 0x0000000082000000| PB 0x0000000082000000| Untracked 
|  33|0x0000000082100000, 0x0000000082100000, 0x0000000082200000|  0%| F|  |TAMS 0x0000000082100000| PB 0x0000000082100000| Untracked 
|  34|0x0000000082200000, 0x0000000082200000, 0x0000000082300000|  0%| F|  |TAMS 0x0000000082200000| PB 0x0000000082200000| Untracked 
|  35|0x0000000082300000, 0x0000000082300000, 0x0000000082400000|  0%| F|  |TAMS 0x0000000082300000| PB 0x0000000082300000| Untracked 
|  36|0x0000000082400000, 0x0000000082400000, 0x0000000082500000|  0%| F|  |TAMS 0x0000000082400000| PB 0x0000000082400000| Untracked 
|  37|0x0000000082500000, 0x0000000082500000, 0x0000000082600000|  0%| F|  |TAMS 0x0000000082500000| PB 0x0000000082500000| Untracked 
|  38|0x0000000082600000, 0x0000000082600000, 0x0000000082700000|  0%| F|  |TAMS 0x0000000082600000| PB 0x0000000082600000| Untracked 
|  39|0x0000000082700000, 0x0000000082700000, 0x0000000082800000|  0%| F|  |TAMS 0x0000000082700000| PB 0x0000000082700000| Untracked 
|  40|0x0000000082800000, 0x0000000082800000, 0x0000000082900000|  0%| F|  |TAMS 0x0000000082800000| PB 0x0000000082800000| Untracked 
|  41|0x0000000082900000, 0x0000000082900000, 0x0000000082a00000|  0%| F|  |TAMS 0x0000000082900000| PB 0x0000000082900000| Untracked 
|  42|0x0000000082a00000, 0x0000000082a00000, 0x0000000082b00000|  0%| F|  |TAMS 0x0000000082a00000| PB 0x0000000082a00000| Untracked 
|  43|0x0000000082b00000, 0x0000000082b00000, 0x0000000082c00000|  0%| F|  |TAMS 0x0000000082b00000| PB 0x0000000082b00000| Untracked 
|  44|0x0000000082c00000, 0x0000000082c00000, 0x0000000082d00000|  0%| F|  |TAMS 0x0000000082c00000| PB 0x0000000082c00000| Untracked 
|  45|0x0000000082d00000, 0x0000000082d00000, 0x0000000082e00000|  0%| F|  |TAMS 0x0000000082d00000| PB 0x0000000082d00000| Untracked 
|  46|0x0000000082e00000, 0x0000000082e00000, 0x0000000082f00000|  0%| F|  |TAMS 0x0000000082e00000| PB 0x0000000082e00000| Untracked 
|  47|0x0000000082f00000, 0x0000000082f00000, 0x0000000083000000|  0%| F|  |TAMS 0x0000000082f00000| PB 0x0000000082f00000| Untracked 
|  48|0x0000000083000000, 0x0000000083000000, 0x0000000083100000|  0%| F|  |TAMS 0x0000000083000000| PB 0x0000000083000000| Untracked 
|  49|0x0000000083100000, 0x0000000083100000, 0x0000000083200000|  0%| F|  |TAMS 0x0000000083100000| PB 0x0000000083100000| Untracked 
|  50|0x0000000083200000, 0x0000000083200000, 0x0000000083300000|  0%| F|  |TAMS 0x0000000083200000| PB 0x0000000083200000| Untracked 
|  51|0x0000000083300000, 0x0000000083300000, 0x0000000083400000|  0%| F|  |TAMS 0x0000000083300000| PB 0x0000000083300000| Untracked 
|  52|0x0000000083400000, 0x0000000083400000, 0x0000000083500000|  0%| F|  |TAMS 0x0000000083400000| PB 0x0000000083400000| Untracked 
|  53|0x0000000083500000, 0x0000000083500000, 0x0000000083600000|  0%| F|  |TAMS 0x0000000083500000| PB 0x0000000083500000| Untracked 
|  54|0x0000000083600000, 0x0000000083600000, 0x0000000083700000|  0%| F|  |TAMS 0x0000000083600000| PB 0x0000000083600000| Untracked 
|  55|0x0000000083700000, 0x0000000083700000, 0x0000000083800000|  0%| F|  |TAMS 0x0000000083700000| PB 0x0000000083700000| Untracked 
|  56|0x0000000083800000, 0x0000000083800000, 0x0000000083900000|  0%| F|  |TAMS 0x0000000083800000| PB 0x0000000083800000| Untracked 
|  57|0x0000000083900000, 0x0000000083900000, 0x0000000083a00000|  0%| F|  |TAMS 0x0000000083900000| PB 0x0000000083900000| Untracked 
|  58|0x0000000083a00000, 0x0000000083a00000, 0x0000000083b00000|  0%| F|  |TAMS 0x0000000083a00000| PB 0x0000000083a00000| Untracked 
|  59|0x0000000083b00000, 0x0000000083b00000, 0x0000000083c00000|  0%| F|  |TAMS 0x0000000083b00000| PB 0x0000000083b00000| Untracked 
|  60|0x0000000083c00000, 0x0000000083c00000, 0x0000000083d00000|  0%| F|  |TAMS 0x0000000083c00000| PB 0x0000000083c00000| Untracked 
|  61|0x0000000083d00000, 0x0000000083d00000, 0x0000000083e00000|  0%| F|  |TAMS 0x0000000083d00000| PB 0x0000000083d00000| Untracked 
|  62|0x0000000083e00000, 0x0000000083e00000, 0x0000000083f00000|  0%| F|  |TAMS 0x0000000083e00000| PB 0x0000000083e00000| Untracked 
|  63|0x0000000083f00000, 0x0000000083f00000, 0x0000000084000000|  0%| F|  |TAMS 0x0000000083f00000| PB 0x0000000083f00000| Untracked 
|  64|0x0000000084000000, 0x0000000084000000, 0x0000000084100000|  0%| F|  |TAMS 0x0000000084000000| PB 0x0000000084000000| Untracked 
|  65|0x0000000084100000, 0x0000000084100000, 0x0000000084200000|  0%| F|  |TAMS 0x0000000084100000| PB 0x0000000084100000| Untracked 
|  66|0x0000000084200000, 0x0000000084200000, 0x0000000084300000|  0%| F|  |TAMS 0x0000000084200000| PB 0x0000000084200000| Untracked 
|  67|0x0000000084300000, 0x0000000084300000, 0x0000000084400000|  0%| F|  |TAMS 0x0000000084300000| PB 0x0000000084300000| Untracked 
|  68|0x0000000084400000, 0x0000000084400000, 0x0000000084500000|  0%| F|  |TAMS 0x0000000084400000| PB 0x0000000084400000| Untracked 
|  69|0x0000000084500000, 0x0000000084500000, 0x0000000084600000|  0%| F|  |TAMS 0x0000000084500000| PB 0x0000000084500000| Untracked 
|  70|0x0000000084600000, 0x0000000084600000, 0x0000000084700000|  0%| F|  |TAMS 0x0000000084600000| PB 0x0000000084600000| Untracked 
|  71|0x0000000084700000, 0x0000000084700000, 0x0000000084800000|  0%| F|  |TAMS 0x0000000084700000| PB 0x0000000084700000| Untracked 
|  72|0x0000000084800000, 0x0000000084800000, 0x0000000084900000|  0%| F|  |TAMS 0x0000000084800000| PB 0x0000000084800000| Untracked 
|  73|0x0000000084900000, 0x0000000084900000, 0x0000000084a00000|  0%| F|  |TAMS 0x0000000084900000| PB 0x0000000084900000| Untracked 
|  74|0x0000000084a00000, 0x0000000084a00000, 0x0000000084b00000|  0%| F|  |TAMS 0x0000000084a00000| PB 0x0000000084a00000| Untracked 
|  75|0x0000000084b00000, 0x0000000084b00000, 0x0000000084c00000|  0%| F|  |TAMS 0x0000000084b00000| PB 0x0000000084b00000| Untracked 
|  76|0x0000000084c00000, 0x0000000084c00000, 0x0000000084d00000|  0%| F|  |TAMS 0x0000000084c00000| PB 0x0000000084c00000| Untracked 
|  77|0x0000000084d00000, 0x0000000084d00000, 0x0000000084e00000|  0%| F|  |TAMS 0x0000000084d00000| PB 0x0000000084d00000| Untracked 
|  78|0x0000000084e00000, 0x0000000084e00000, 0x0000000084f00000|  0%| F|  |TAMS 0x0000000084e00000| PB 0x0000000084e00000| Untracked 
|  79|0x0000000084f00000, 0x0000000084f00000, 0x0000000085000000|  0%| F|  |TAMS 0x0000000084f00000| PB 0x0000000084f00000| Untracked 
|  80|0x0000000085000000, 0x0000000085000000, 0x0000000085100000|  0%| F|  |TAMS 0x0000000085000000| PB 0x0000000085000000| Untracked 
|  81|0x0000000085100000, 0x0000000085100000, 0x0000000085200000|  0%| F|  |TAMS 0x0000000085100000| PB 0x0000000085100000| Untracked 
|  82|0x0000000085200000, 0x0000000085200000, 0x0000000085300000|  0%| F|  |TAMS 0x0000000085200000| PB 0x0000000085200000| Untracked 
|  83|0x0000000085300000, 0x0000000085300000, 0x0000000085400000|  0%| F|  |TAMS 0x0000000085300000| PB 0x0000000085300000| Untracked 
|  84|0x0000000085400000, 0x0000000085400000, 0x0000000085500000|  0%| F|  |TAMS 0x0000000085400000| PB 0x0000000085400000| Untracked 
|  85|0x0000000085500000, 0x0000000085500000, 0x0000000085600000|  0%| F|  |TAMS 0x0000000085500000| PB 0x0000000085500000| Untracked 
|  86|0x0000000085600000, 0x0000000085600000, 0x0000000085700000|  0%| F|  |TAMS 0x0000000085600000| PB 0x0000000085600000| Untracked 
|  87|0x0000000085700000, 0x0000000085700000, 0x0000000085800000|  0%| F|  |TAMS 0x0000000085700000| PB 0x0000000085700000| Untracked 
|  88|0x0000000085800000, 0x0000000085800000, 0x0000000085900000|  0%| F|  |TAMS 0x0000000085800000| PB 0x0000000085800000| Untracked 
|  89|0x0000000085900000, 0x0000000085900000, 0x0000000085a00000|  0%| F|  |TAMS 0x0000000085900000| PB 0x0000000085900000| Untracked 
|  90|0x0000000085a00000, 0x0000000085a00000, 0x0000000085b00000|  0%| F|  |TAMS 0x0000000085a00000| PB 0x0000000085a00000| Untracked 
|  91|0x0000000085b00000, 0x0000000085b00000, 0x0000000085c00000|  0%| F|  |TAMS 0x0000000085b00000| PB 0x0000000085b00000| Untracked 
|  92|0x0000000085c00000, 0x0000000085c00000, 0x0000000085d00000|  0%| F|  |TAMS 0x0000000085c00000| PB 0x0000000085c00000| Untracked 
|  93|0x0000000085d00000, 0x0000000085d00000, 0x0000000085e00000|  0%| F|  |TAMS 0x0000000085d00000| PB 0x0000000085d00000| Untracked 
|  94|0x0000000085e00000, 0x0000000085e00000, 0x0000000085f00000|  0%| F|  |TAMS 0x0000000085e00000| PB 0x0000000085e00000| Untracked 
|  95|0x0000000085f00000, 0x0000000085f00000, 0x0000000086000000|  0%| F|  |TAMS 0x0000000085f00000| PB 0x0000000085f00000| Untracked 
|  96|0x0000000086000000, 0x0000000086000000, 0x0000000086100000|  0%| F|  |TAMS 0x0000000086000000| PB 0x0000000086000000| Untracked 
|  97|0x0000000086100000, 0x0000000086100000, 0x0000000086200000|  0%| F|  |TAMS 0x0000000086100000| PB 0x0000000086100000| Untracked 
|  98|0x0000000086200000, 0x0000000086200000, 0x0000000086300000|  0%| F|  |TAMS 0x0000000086200000| PB 0x0000000086200000| Untracked 
|  99|0x0000000086300000, 0x0000000086300000, 0x0000000086400000|  0%| F|  |TAMS 0x0000000086300000| PB 0x0000000086300000| Untracked 
| 100|0x0000000086400000, 0x0000000086400000, 0x0000000086500000|  0%| F|  |TAMS 0x0000000086400000| PB 0x0000000086400000| Untracked 
| 101|0x0000000086500000, 0x0000000086500000, 0x0000000086600000|  0%| F|  |TAMS 0x0000000086500000| PB 0x0000000086500000| Untracked 
| 102|0x0000000086600000, 0x0000000086600000, 0x0000000086700000|  0%| F|  |TAMS 0x0000000086600000| PB 0x0000000086600000| Untracked 
| 103|0x0000000086700000, 0x0000000086700000, 0x0000000086800000|  0%| F|  |TAMS 0x0000000086700000| PB 0x0000000086700000| Untracked 
| 104|0x0000000086800000, 0x0000000086800000, 0x0000000086900000|  0%| F|  |TAMS 0x0000000086800000| PB 0x0000000086800000| Untracked 
| 105|0x0000000086900000, 0x0000000086900000, 0x0000000086a00000|  0%| F|  |TAMS 0x0000000086900000| PB 0x0000000086900000| Untracked 
| 106|0x0000000086a00000, 0x0000000086a00000, 0x0000000086b00000|  0%| F|  |TAMS 0x0000000086a00000| PB 0x0000000086a00000| Untracked 
| 107|0x0000000086b00000, 0x0000000086b00000, 0x0000000086c00000|  0%| F|  |TAMS 0x0000000086b00000| PB 0x0000000086b00000| Untracked 
| 108|0x0000000086c00000, 0x0000000086c00000, 0x0000000086d00000|  0%| F|  |TAMS 0x0000000086c00000| PB 0x0000000086c00000| Untracked 
| 109|0x0000000086d00000, 0x0000000086d00000, 0x0000000086e00000|  0%| F|  |TAMS 0x0000000086d00000| PB 0x0000000086d00000| Untracked 
| 110|0x0000000086e00000, 0x0000000086e00000, 0x0000000086f00000|  0%| F|  |TAMS 0x0000000086e00000| PB 0x0000000086e00000| Untracked 
| 111|0x0000000086f00000, 0x0000000086f00000, 0x0000000087000000|  0%| F|  |TAMS 0x0000000086f00000| PB 0x0000000086f00000| Untracked 
| 112|0x0000000087000000, 0x0000000087000000, 0x0000000087100000|  0%| F|  |TAMS 0x0000000087000000| PB 0x0000000087000000| Untracked 
| 113|0x0000000087100000, 0x0000000087100000, 0x0000000087200000|  0%| F|  |TAMS 0x0000000087100000| PB 0x0000000087100000| Untracked 
| 114|0x0000000087200000, 0x0000000087200000, 0x0000000087300000|  0%| F|  |TAMS 0x0000000087200000| PB 0x0000000087200000| Untracked 
| 115|0x0000000087300000, 0x0000000087300000, 0x0000000087400000|  0%| F|  |TAMS 0x0000000087300000| PB 0x0000000087300000| Untracked 
| 116|0x0000000087400000, 0x0000000087400000, 0x0000000087500000|  0%| F|  |TAMS 0x0000000087400000| PB 0x0000000087400000| Untracked 
| 117|0x0000000087500000, 0x00000000875eb8a8, 0x0000000087600000| 92%| E|  |TAMS 0x0000000087500000| PB 0x0000000087500000| Complete 
| 118|0x0000000087600000, 0x0000000087700000, 0x0000000087700000|100%| E|CS|TAMS 0x0000000087600000| PB 0x0000000087600000| Complete 
| 119|0x0000000087700000, 0x0000000087800000, 0x0000000087800000|100%| E|CS|TAMS 0x0000000087700000| PB 0x0000000087700000| Complete 
| 120|0x0000000087800000, 0x0000000087900000, 0x0000000087900000|100%| E|CS|TAMS 0x0000000087800000| PB 0x0000000087800000| Complete 
| 121|0x0000000087900000, 0x0000000087a00000, 0x0000000087a00000|100%| E|CS|TAMS 0x0000000087900000| PB 0x0000000087900000| Complete 
| 122|0x0000000087a00000, 0x0000000087b00000, 0x0000000087b00000|100%| E|CS|TAMS 0x0000000087a00000| PB 0x0000000087a00000| Complete 
| 123|0x0000000087b00000, 0x0000000087c00000, 0x0000000087c00000|100%| E|CS|TAMS 0x0000000087b00000| PB 0x0000000087b00000| Complete 
| 124|0x0000000087c00000, 0x0000000087d00000, 0x0000000087d00000|100%| E|CS|TAMS 0x0000000087c00000| PB 0x0000000087c00000| Complete 
| 125|0x0000000087d00000, 0x0000000087e00000, 0x0000000087e00000|100%| E|CS|TAMS 0x0000000087d00000| PB 0x0000000087d00000| Complete 
| 126|0x0000000087e00000, 0x0000000087f00000, 0x0000000087f00000|100%| E|CS|TAMS 0x0000000087e00000| PB 0x0000000087e00000| Complete 
| 127|0x0000000087f00000, 0x0000000088000000, 0x0000000088000000|100%| E|CS|TAMS 0x0000000087f00000| PB 0x0000000087f00000| Complete 

Card table byte_map: [0x0000024773fc0000,0x00000247743c0000] _byte_map_base: 0x0000024773bc0000

Marking Bits: (CMBitMap*) 0x000002476f6750d0
 Bits: [0x00000247743c0000, 0x00000247763c0000)

Polling page: 0x000002476d410000

Metaspace:

Usage:
  Non-class:      9.01 MB used.
      Class:    980.23 KB used.
       Both:      9.97 MB used.

Virtual space:
  Non-class space:       64.00 MB reserved,       9.12 MB ( 14%) committed,  1 nodes.
      Class space:        1.00 GB reserved,       1.00 MB ( <1%) committed,  1 nodes.
             Both:        1.06 GB reserved,      10.12 MB ( <1%) committed. 

Chunk freelists:
   Non-Class:  6.23 MB
       Class:  15.03 MB
        Both:  21.27 MB

MaxMetaspaceSize: unlimited
CompressedClassSpaceSize: 1.00 GB
Initial GC threshold: 21.00 MB
Current GC threshold: 21.00 MB
CDS: off
 - commit_granule_bytes: 65536.
 - commit_granule_words: 8192.
 - virtual_space_node_default_size: 8388608.
 - enlarge_chunks_in_place: 1.
 - use_allocation_guard: 0.


Internal statistics:

num_allocs_failed_limit: 0.
num_arena_births: 10.
num_arena_deaths: 0.
num_vsnodes_births: 2.
num_vsnodes_deaths: 0.
num_space_committed: 162.
num_space_uncommitted: 0.
num_chunks_returned_to_freelist: 0.
num_chunks_taken_from_freelist: 80.
num_chunk_merges: 0.
num_chunk_splits: 52.
num_chunks_enlarged: 45.
num_inconsistent_stats: 0.

CodeHeap 'non-profiled nmethods': size=120000Kb used=198Kb max_used=198Kb free=119801Kb
 bounds [0x0000024707ad0000, 0x0000024707d40000, 0x000002470f000000]
CodeHeap 'profiled nmethods': size=120000Kb used=804Kb max_used=804Kb free=119195Kb
 bounds [0x0000024700000000, 0x0000024700270000, 0x0000024707530000]
CodeHeap 'non-nmethods': size=5760Kb used=1254Kb max_used=1271Kb free=4505Kb
 bounds [0x0000024707530000, 0x00000247077a0000, 0x0000024707ad0000]
CodeCache: size=245760Kb, used=2256Kb, max_used=2273Kb, free=243501Kb
 total_blobs=947, nmethods=525, adapters=327, full_count=0
Compilation: enabled, stopped_count=0, restarted_count=0

Compilation events (20 events):
Event: 3.298 Thread 0x000002470f1da330  495       3       java.util.HashMap$HashIterator::<init> (79 bytes)
Event: 3.298 Thread 0x000002470f1da330 nmethod 495 0x00000247000b3b10 code [0x00000247000b3ce0, 0x00000247000b40d8]
Event: 3.299 Thread 0x000002470f470650 nmethod 479 0x0000024707afb490 code [0x0000024707afb660, 0x0000024707afbc30]
Event: 3.299 Thread 0x000002470f470650  493       4       java.security.Provider$ServiceKey::hashCode (19 bytes)
Event: 3.300 Thread 0x000002470f1da330  497       3       java.util.HashMap$KeyIterator::next (8 bytes)
Event: 3.300 Thread 0x000002470f1da330 nmethod 497 0x00000247000b4210 code [0x00000247000b43c0, 0x00000247000b4500]
Event: 3.300 Thread 0x000002470f470650 nmethod 493 0x0000024707afbf10 code [0x0000024707afc120, 0x0000024707afc7a8]
Event: 3.300 Thread 0x000002470f470650  496   !   4       java.util.concurrent.ConcurrentHashMap::transfer (849 bytes)
Event: 3.301 Thread 0x000002470f1da330  499       3       java.util.HashMap::<init> (98 bytes)
Event: 3.302 Thread 0x000002470f1da330 nmethod 499 0x00000247000b4610 code [0x00000247000b4920, 0x00000247000b5860]
Event: 3.303 Thread 0x000002470f1d8b70 nmethod 469 0x0000024707afca10 code [0x0000024707afcca0, 0x0000024707afde58]
Event: 3.303 Thread 0x000002470f1d8b70  498       4       java.util.concurrent.ConcurrentHashMap::put (8 bytes)
Event: 3.304 Thread 0x000002470f1da330  500       3       java.lang.Class::getReflectionFactory (28 bytes)
Event: 3.304 Thread 0x000002470f1d8b70 nmethod 498 0x0000024707afea90 code [0x0000024707afec20, 0x0000024707afecd8]
Event: 3.304 Thread 0x000002470f1da330 nmethod 500 0x00000247000b5e90 code [0x00000247000b60c0, 0x00000247000b6790]
Event: 3.304 Thread 0x000002470f1da330  501       3       java.lang.invoke.MemberName::isResolved (13 bytes)
Event: 3.304 Thread 0x000002470f1da330 nmethod 501 0x00000247000b6a10 code [0x00000247000b6ba0, 0x00000247000b6d00]
Event: 3.304 Thread 0x000002470f1d8b70  503       4       java.security.Provider$ServiceKey::<init> (39 bytes)
Event: 3.306 Thread 0x000002470f1da330  505       3       java.util.jar.JarFile::getManEntry (39 bytes)
Event: 3.306 Thread 0x000002470f1da330 nmethod 505 0x00000247000b6d90 code [0x00000247000b6f60, 0x00000247000b7300]

GC Heap History (0 events):
No events

Dll operation events (2 events):
Event: 0.005 Loaded shared library C:\Program Files\JetBrains\IntelliJ IDEA 2025.3.1.1\jbr\bin\java.dll
Event: 2.030 Loaded shared library C:\Program Files\JetBrains\IntelliJ IDEA 2025.3.1.1\jbr\bin\zip.dll

Deoptimization events (20 events):
Event: 2.157 Thread 0x000002476d0e3420 DEOPT PACKING pc=0x000002470001a849 sp=0x0000005765dfd8d0
Event: 2.157 Thread 0x000002476d0e3420 DEOPT UNPACKING pc=0x0000024707584b42 sp=0x0000005765dfcd40 mode 0
Event: 2.157 Thread 0x000002476d0e3420 DEOPT PACKING pc=0x000002470001a849 sp=0x0000005765dfd8d0
Event: 2.157 Thread 0x000002476d0e3420 DEOPT UNPACKING pc=0x0000024707584b42 sp=0x0000005765dfcd40 mode 0
Event: 2.157 Thread 0x000002476d0e3420 DEOPT PACKING pc=0x000002470001a849 sp=0x0000005765dfd8d0
Event: 2.157 Thread 0x000002476d0e3420 DEOPT UNPACKING pc=0x0000024707584b42 sp=0x0000005765dfcd40 mode 0
Event: 2.157 Thread 0x000002476d0e3420 DEOPT PACKING pc=0x000002470001a849 sp=0x0000005765dfd8d0
Event: 2.157 Thread 0x000002476d0e3420 DEOPT UNPACKING pc=0x0000024707584b42 sp=0x0000005765dfcd40 mode 0
Event: 2.157 Thread 0x000002476d0e3420 DEOPT PACKING pc=0x000002470001a849 sp=0x0000005765dfd8d0
Event: 2.157 Thread 0x000002476d0e3420 DEOPT UNPACKING pc=0x0000024707584b42 sp=0x0000005765dfcd40 mode 0
Event: 2.157 Thread 0x000002476d0e3420 DEOPT PACKING pc=0x000002470001a849 sp=0x0000005765dfd8d0
Event: 2.157 Thread 0x000002476d0e3420 DEOPT UNPACKING pc=0x0000024707584b42 sp=0x0000005765dfcd40 mode 0
Event: 2.157 Thread 0x000002476d0e3420 DEOPT PACKING pc=0x000002470001a849 sp=0x0000005765dfd8d0
Event: 2.157 Thread 0x000002476d0e3420 DEOPT UNPACKING pc=0x0000024707584b42 sp=0x0000005765dfcd40 mode 0
Event: 3.250 Thread 0x000002476d0e3420 Uncommon trap: trap_request=0xffffff45 fr.pc=0x0000024707ae95c8 relative=0x00000000000000a8
Event: 3.250 Thread 0x000002476d0e3420 Uncommon trap: reason=unstable_if action=reinterpret pc=0x0000024707ae95c8 method=java.lang.CharacterDataLatin1.toUpperCaseEx(I)I @ 12 c2
Event: 3.250 Thread 0x000002476d0e3420 DEOPT PACKING pc=0x0000024707ae95c8 sp=0x0000005765dfe440
Event: 3.250 Thread 0x000002476d0e3420 DEOPT UNPACKING pc=0x00000247075843a2 sp=0x0000005765dfe3b8 mode 2
Event: 3.255 Thread 0x000002476d0e3420 DEOPT PACKING pc=0x000002470001844c sp=0x0000005765dfcd40
Event: 3.255 Thread 0x000002476d0e3420 DEOPT UNPACKING pc=0x0000024707584b42 sp=0x0000005765dfc160 mode 0

Classes loaded (20 events):
Event: 3.285 Loading class java/security/Key done
Event: 3.285 Loading class javax/security/auth/Destroyable
Event: 3.285 Loading class javax/security/auth/Destroyable done
Event: 3.285 Loading class java/security/PrivateKey done
Event: 3.286 Loading class java/security/PublicKey
Event: 3.286 Loading class java/security/PublicKey done
Event: 3.286 Loading class java/security/NoSuchAlgorithmException
Event: 3.286 Loading class java/security/NoSuchAlgorithmException done
Event: 3.286 Loading class java/security/InvalidKeyException
Event: 3.286 Loading class java/security/KeyException
Event: 3.286 Loading class java/security/KeyException done
Event: 3.286 Loading class java/security/InvalidKeyException done
Event: 3.289 Loading class java/lang/UnsupportedOperationException
Event: 3.289 Loading class java/lang/UnsupportedOperationException done
Event: 3.290 Loading class java/security/spec/RSAKeyGenParameterSpec
Event: 3.290 Loading class java/security/spec/RSAKeyGenParameterSpec done
Event: 3.295 Loading class java/security/AccessControlException
Event: 3.295 Loading class java/lang/SecurityException
Event: 3.295 Loading class java/lang/SecurityException done
Event: 3.295 Loading class java/security/AccessControlException done

Classes unloaded (0 events):
No events

Classes redefined (0 events):
No events

Internal exceptions (0 events):
No events

ZGC Phase Switch (0 events):
No events

VM Operations (6 events):
Event: 3.077 Executing VM operation: Cleanup
Event: 3.186 Executing VM operation: Cleanup done
Event: 3.236 Executing VM operation: HandshakeAllThreads (Deoptimize)
Event: 3.236 Executing VM operation: HandshakeAllThreads (Deoptimize) done
Event: 4.248 Executing VM operation: Cleanup
Event: 4.248 Executing VM operation: Cleanup done

Memory protections (0 events):
No events

Nmethod flushes (0 events):
No events

Events (16 events):
Event: 2.026 Thread 0x000002476d0e3420 Thread added: 0x000002476d0e3420
Event: 2.088 Thread 0x000002476d0e3420 Thread added: 0x000002470f1849e0
Event: 2.092 Thread 0x000002476d0e3420 Thread added: 0x000002470f1b1d50
Event: 2.092 Thread 0x000002476d0e3420 Thread added: 0x000002470f1b27b0
Event: 2.093 Thread 0x000002476d0e3420 Thread added: 0x000002470f1c4510
Event: 2.093 Thread 0x000002476d0e3420 Thread added: 0x000002470f1d42c0
Event: 2.093 Thread 0x000002476d0e3420 Thread added: 0x000002470f1d5650
Event: 2.093 Thread 0x000002476d0e3420 Thread added: 0x000002470f1d60b0
Event: 2.093 Thread 0x000002476d0e3420 Thread added: 0x000002470f1d8b70
Event: 2.093 Thread 0x000002476d0e3420 Thread added: 0x000002470f1da330
Event: 2.136 Thread 0x000002476d0e3420 Thread added: 0x000002470f3aa4d0
Event: 2.146 Loaded shared library C:\Program Files\JetBrains\IntelliJ IDEA 2025.3.1.1\jbr\bin\net.dll
Event: 2.147 Loaded shared library C:\Program Files\JetBrains\IntelliJ IDEA 2025.3.1.1\jbr\bin\nio.dll
Event: 2.157 Thread 0x000002470f1d8b70 Thread added: 0x000002470f470650
Event: 2.160 Loaded shared library C:\Program Files\JetBrains\IntelliJ IDEA 2025.3.1.1\jbr\bin\zip.dll
Event: 3.229 Loaded shared library C:\Program Files\JetBrains\IntelliJ IDEA 2025.3.1.1\jbr\bin\jimage.dll


Dynamic libraries:
0x00007ff7ecb30000 - 0x00007ff7ecb3a000 	C:\Program Files\JetBrains\IntelliJ IDEA 2025.3.1.1\jbr\bin\java.exe
0x00007ffde0100000 - 0x00007ffde0367000 	C:\WINDOWS\SYSTEM32\ntdll.dll
0x00007ffdde650000 - 0x00007ffdde719000 	C:\WINDOWS\System32\KERNEL32.DLL
0x00007ffddc9d0000 - 0x00007ffddcdc4000 	C:\WINDOWS\System32\KERNELBASE.dll
0x00007ffddd350000 - 0x00007ffddd49b000 	C:\WINDOWS\System32\ucrtbase.dll
0x00007ffd794c0000 - 0x00007ffd794db000 	C:\Program Files\JetBrains\IntelliJ IDEA 2025.3.1.1\jbr\bin\VCRUNTIME140.dll
0x00007ffdd4da0000 - 0x00007ffdd4db8000 	C:\Program Files\JetBrains\IntelliJ IDEA 2025.3.1.1\jbr\bin\jli.dll
0x00007ffdde130000 - 0x00007ffdde2f5000 	C:\WINDOWS\System32\USER32.dll
0x00007ffddd0b0000 - 0x00007ffddd0d7000 	C:\WINDOWS\System32\win32u.dll
0x00007ffdbe760000 - 0x00007ffdbe9f3000 	C:\WINDOWS\WinSxS\amd64_microsoft.windows.common-controls_6595b64144ccf1df_6.0.26100.8115_none_3e075c82e3354f9c\COMCTL32.dll
0x00007ffdde300000 - 0x00007ffdde3a9000 	C:\WINDOWS\System32\msvcrt.dll
0x00007ffddfd60000 - 0x00007ffddfd8b000 	C:\WINDOWS\System32\GDI32.dll
0x00007ffddd220000 - 0x00007ffddd34b000 	C:\WINDOWS\System32\gdi32full.dll
0x00007ffddcdd0000 - 0x00007ffddce73000 	C:\WINDOWS\System32\msvcp_win.dll
0x00007ffdde0e0000 - 0x00007ffdde112000 	C:\WINDOWS\System32\IMM32.DLL
0x00007ffd8df20000 - 0x00007ffd8df2c000 	C:\Program Files\JetBrains\IntelliJ IDEA 2025.3.1.1\jbr\bin\vcruntime140_1.dll
0x00007ffdc82d0000 - 0x00007ffdc835d000 	C:\Program Files\JetBrains\IntelliJ IDEA 2025.3.1.1\jbr\bin\msvcp140.dll
0x00007ffd43f30000 - 0x00007ffd44cfd000 	C:\Program Files\JetBrains\IntelliJ IDEA 2025.3.1.1\jbr\bin\server\jvm.dll
0x00007ffddea90000 - 0x00007ffddeb46000 	C:\WINDOWS\System32\ADVAPI32.dll
0x00007ffdde720000 - 0x00007ffdde7c7000 	C:\WINDOWS\System32\sechost.dll
0x00007ffdde3b0000 - 0x00007ffdde4c8000 	C:\WINDOWS\System32\RPCRT4.dll
0x00007ffdddeb0000 - 0x00007ffdddf30000 	C:\WINDOWS\System32\WS2_32.dll
0x00007ffddc830000 - 0x00007ffddc88e000 	C:\WINDOWS\SYSTEM32\POWRPROF.dll
0x00007ffdc5bf0000 - 0x00007ffdc5bfb000 	C:\WINDOWS\SYSTEM32\VERSION.dll
0x00007ffdd79b0000 - 0x00007ffdd79e6000 	C:\WINDOWS\SYSTEM32\WINMM.dll
0x00007ffddc810000 - 0x00007ffddc824000 	C:\WINDOWS\SYSTEM32\UMPDC.dll
0x00007ffddb720000 - 0x00007ffddb73b000 	C:\WINDOWS\SYSTEM32\kernel.appcore.dll
0x00007ffd8af30000 - 0x00007ffd8af3a000 	C:\Program Files\JetBrains\IntelliJ IDEA 2025.3.1.1\jbr\bin\jimage.dll
0x00007ffdda850000 - 0x00007ffddaa92000 	C:\WINDOWS\SYSTEM32\DBGHELP.DLL
0x00007ffddf9d0000 - 0x00007ffddfd52000 	C:\WINDOWS\System32\combase.dll
0x00007ffdde7d0000 - 0x00007ffdde8a8000 	C:\WINDOWS\System32\OLEAUT32.dll
0x00007ffdc48b0000 - 0x00007ffdc48eb000 	C:\WINDOWS\SYSTEM32\dbgcore.DLL
0x00007ffddd170000 - 0x00007ffddd215000 	C:\WINDOWS\System32\bcryptPrimitives.dll
0x00007ffd794a0000 - 0x00007ffd794c0000 	C:\Program Files\JetBrains\IntelliJ IDEA 2025.3.1.1\jbr\bin\java.dll
0x00007ffd53c50000 - 0x00007ffd53c68000 	C:\Program Files\JetBrains\IntelliJ IDEA 2025.3.1.1\jbr\bin\zip.dll
0x00007ffddf130000 - 0x00007ffddf897000 	C:\WINDOWS\System32\SHELL32.dll
0x00007ffddce80000 - 0x00007ffddcfea000 	C:\WINDOWS\System32\wintypes.dll
0x00007ffddd620000 - 0x00007ffddde88000 	C:\WINDOWS\System32\windows.storage.dll
0x00007ffddf8a0000 - 0x00007ffddf998000 	C:\WINDOWS\System32\SHCORE.dll
0x00007ffddeb50000 - 0x00007ffddebb6000 	C:\WINDOWS\System32\shlwapi.dll
0x00007ffddc8f0000 - 0x00007ffddc919000 	C:\WINDOWS\SYSTEM32\profapi.dll
0x00007ffd79490000 - 0x00007ffd794a0000 	C:\Program Files\JetBrains\IntelliJ IDEA 2025.3.1.1\jbr\bin\net.dll
0x00007ffdd4470000 - 0x00007ffdd459d000 	C:\WINDOWS\SYSTEM32\WINHTTP.dll
0x00007ffddbc70000 - 0x00007ffddbcdc000 	C:\WINDOWS\system32\mswsock.dll
0x00007ffd53c30000 - 0x00007ffd53c46000 	C:\Program Files\JetBrains\IntelliJ IDEA 2025.3.1.1\jbr\bin\nio.dll

JVMTI agents: none

dbghelp: loaded successfully - version: 4.0.5 - missing functions: none
symbol engine: initialized successfully - sym options: 0x614 - pdb path: .;C:\Program Files\JetBrains\IntelliJ IDEA 2025.3.1.1\jbr\bin;C:\WINDOWS\SYSTEM32;C:\WINDOWS\WinSxS\amd64_microsoft.windows.common-controls_6595b64144ccf1df_6.0.26100.8115_none_3e075c82e3354f9c;C:\Program Files\JetBrains\IntelliJ IDEA 2025.3.1.1\jbr\bin\server

VM Arguments:
jvm_args: -Djava.rmi.server.hostname=127.0.0.1 -Duser.timezone=UTC -Xmx2048m -Xms128m --add-exports=java.desktop/sun.awt=ALL-UNNAMED --add-exports=java.desktop/java.awt.peer=ALL-UNNAMED --add-opens=java.desktop/java.awt=ALL-UNNAMED --add-opens=jdk.unsupported/sun.misc=ALL-UNNAMED --add-opens=java.base/java.nio=ALL-UNNAMED --add-opens=java.base/java.util=ALL-UNNAMED -Dfile.encoding=UTF-8 -Dsun.stdout.encoding=UTF-8 -Dsun.stderr.encoding=UTF-8 
java_command: com.intellij.database.remote.RemoteJdbcServer oracle.jdbc.OracleDriver
java_class_path (initial): C:\Program Files\JetBrains\IntelliJ IDEA 2025.3.1.1\lib\util_rt.jar;C:\Program Files\JetBrains\IntelliJ IDEA 2025.3.1.1\lib\module-intellij.libraries.fastutil.jar;C:\Program Files\JetBrains\IntelliJ IDEA 2025.3.1.1\lib\groovy.jar;C:\Program Files\JetBrains\IntelliJ IDEA 2025.3.1.1\plugins\DatabaseTools\lib\modules\intellij.database.jdbcConsole.jar;C:\Program Files\JetBrains\IntelliJ IDEA 2025.3.1.1\lib\modules\intellij.grid.types.jar;C:\Program Files\JetBrains\IntelliJ IDEA 2025.3.1.1\lib\util.jar;C:\Program Files\JetBrains\IntelliJ IDEA 2025.3.1.1\lib\module-intellij.libraries.bouncy.castle.provider.jar
Launcher Type: SUN_STANDARD

[Global flags]
     intx CICompilerCount                          = 4                                         {product} {ergonomic}
     uint ConcGCThreads                            = 3                                         {product} {ergonomic}
     uint G1ConcRefinementThreads                  = 10                                        {product} {ergonomic}
   size_t G1HeapRegionSize                         = 1048576                                   {product} {ergonomic}
    uintx GCDrainStackTargetSize                   = 64                                        {product} {ergonomic}
   size_t InitialHeapSize                          = 134217728                                 {product} {command line}
   size_t MarkStackSize                            = 4194304                                   {product} {ergonomic}
   size_t MaxHeapSize                              = 2147483648                                {product} {command line}
   size_t MaxNewSize                               = 1287651328                                {product} {ergonomic}
   size_t MinHeapDeltaBytes                        = 1048576                                   {product} {ergonomic}
   size_t MinHeapSize                              = 134217728                                 {product} {command line}
    uintx NonNMethodCodeHeapSize                   = 5839372                                {pd product} {ergonomic}
    uintx NonProfiledCodeHeapSize                  = 122909434                              {pd product} {ergonomic}
    uintx ProfiledCodeHeapSize                     = 122909434                              {pd product} {ergonomic}
    uintx ReservedCodeCacheSize                    = 251658240                              {pd product} {ergonomic}
     bool SegmentedCodeCache                       = true                                      {product} {ergonomic}
   size_t SoftMaxHeapSize                          = 2147483648                             {manageable} {ergonomic}
     bool UseCompressedOops                        = true                           {product lp64_product} {ergonomic}
     bool UseG1GC                                  = true                                      {product} {ergonomic}
     bool UseLargePagesIndividualAllocation        = false                                  {pd product} {ergonomic}

Logging:
Log output configuration:
 #0: stdout all=warning uptime,level,tags foldmultilines=false
 #1: stderr all=off uptime,level,tags foldmultilines=false

Release file:
JAVA_VERSION="21.0.9" 
MODULES="java.base java.datatransfer java.xml java.prefs java.desktop gluegen.rt java.compiler java.instrument java.logging java.management java.security.sasl java.naming java.rmi java.management.rmi java.net.http java.scripting java.security.jgss java.transaction.xa java.sql java.sql.rowset java.xml.crypto java.se java.smartcardio jogl.all jcef jdk.accessibility jdk.internal.jvmstat jdk.attach jdk.charsets jdk.internal.opt jdk.zipfs jdk.compiler jdk.crypto.ec jdk.crypto.cryptoki jdk.crypto.mscapi jdk.dynalink jdk.hotspot.agent jdk.httpserver jdk.internal.ed jdk.internal.le jdk.internal.vm.ci jdk.javadoc jdk.jcmd jdk.jdwp.agent jdk.jdi jdk.jfr jdk.jsobject jdk.localedata jdk.management jdk.management.agent jdk.management.jfr jdk.naming.dns jdk.naming.rmi jdk.net jdk.sctp jdk.security.auth jdk.security.jgss jdk.unsupported jdk.unsupported.desktop jdk.xml.dom" 
IMPLEMENTOR="JetBrains s.r.o." 
IMPLEMENTOR_VERSION="JBR-21.0.9+1-1163.86-jcef" 
JAVA_RUNTIME_VERSION="21.0.9+1-b1163.86" 
LIBC="default" 
OS_ARCH="x86_64" 
OS_NAME="Windows" 
SOURCE=".:git:1a60506bbd2d+ jcef_git:git:4a605f44671a" 
JCEF_VERSION="137.0.17.1086+g6f9ab69" 
JCEF_COMMIT_HASH="6f9ab690b28a1262f82e6f869c310bdf1d0697ac" 

Environment Variables:
JAVA_HOME=C:\Users\Thanh Trung\Downloads\jdk-23_windows-x64_bin\jdk-23.0.1
PATH=C:\WINDOWS\system32;C:\WINDOWS;C:\WINDOWS\System32\Wbem;C:\WINDOWS\System32\WindowsPowerShell\v1.0\;C:\WINDOWS\System32\OpenSSH\;C:\Program Files\dotnet\;C:\Program Files\Microsoft SQL Server\Client SDK\ODBC\170\Tools\Binn\;C:\Program Files (x86)\Microsoft SQL Server\150\Tools\Binn\;C:\Program Files\Microsoft SQL Server\150\Tools\Binn\;C:\Program Files\Microsoft SQL Server\150\DTS\Binn\;C:\Program Files (x86)\Microsoft SQL Server\150\DTS\Binn\;C:\Program Files\Azure Data Studio\bin;C:\MinGW\bin;C:\Program Files\Docker\Docker\resources\bin;C:\Users\Thanh Trung\Downloads\jdk-23_windows-x64_bin\jdk-23.0.1\bin;C:\Program Files (x86)\ZeroTier\One\;C:\Users\Thanh Trung\AppData\Local\Android\Sdk\tools;C:\Users\Thanh Trung\AppData\Local\Android\Sdk\platform-tools;C:\Program Files\Git\cmd;C:\Program Files\MySQL\MySQL Server 8.0\bin;C:\Program Files\nodejs\;C:\Users\Thanh Trung\AppData\Local\Microsoft\WindowsApps;C:\Program Files\Azure Data Studio\bin;C:\Users\Thanh Trung\AppData\Local\Programs\Microsoft VS Code\bin;C:\Users\Thanh Trung\Downloads\ngrok-v3-stable-windows-amd64;C:\Users\Thanh Trung\AppData\Roaming\npm;C:\Users\Thanh Trung\.dotnet\tools
USERNAME=Thanh Trung
OS=Windows_NT
PROCESSOR_IDENTIFIER=Intel64 Family 6 Model 154 Stepping 4, GenuineIntel
TMP=C:\Users\THANHT~1\AppData\Local\Temp
TEMP=C:\Users\THANHT~1\AppData\Local\Temp




Periodic native trim disabled

JNI global refs:
JNI global refs: 8, weak refs: 0

JNI global refs memory usage: 835, weak refs: 833

Process memory usage:
Resident Set Size: 62000K (0% of 16454344K total physical memory with 1441012K free physical memory)

OOME stack traces (most recent first):
Classloader memory used:
Loader bootstrap                                                                       : 9019K
Loader jdk.internal.loader.ClassLoaders$AppClassLoader                                 : 1303K

---------------  S Y S T E M  ---------------

OS:
 Windows 11 , 64 bit Build 26100 (10.0.26100.8246)
OS uptime: 0 days 0:35 hours
Hyper-V role detected

CPU: total 12 (initial active 12) (6 cores per cpu, 2 threads per core) family 6 model 154 stepping 4 microcode 0x43b, cx8, cmov, fxsr, ht, mmx, 3dnowpref, sse, sse2, sse3, ssse3, sse4.1, sse4.2, popcnt, lzcnt, tsc, tscinvbit, avx, avx2, aes, erms, clmul, bmi1, bmi2, adx, sha, fma, vzeroupper, clflush, clflushopt, clwb, hv, serialize, rdtscp, rdpid, fsrm, f16c, cet_ibt, cet_ss
Processor Information for the first 12 processors :
  Max Mhz: 1300, Current Mhz: 1300, Mhz Limit: 1300

Memory: 4k page, system-wide physical 16068M (1407M free)
TotalPageFile size 22068M (AvailPageFile size 149M)
current process WorkingSet (physical memory assigned to process): 60M, peak: 60M
current process commit charge ("private bytes"): 219M, peak: 224M

vm_info: OpenJDK 64-Bit Server VM (21.0.9+1-b1163.86) for windows-amd64 JRE (21.0.9+1-b1163.86), built on 2025-12-02 by "builduser" with MS VC++ 16.10 / 16.11 (VS2019)

END.
