#
# There is insufficient memory for the Java Runtime Environment to continue.
# Native memory allocation (malloc) failed to allocate 492896 bytes. Error detail: Chunk::new
# Possible reasons:
#   The system is out of physical RAM or swap space
#   This process is running with CompressedOops enabled, and the Java Heap may be blocking the growth of the native heap
# Possible solutions:
#   Reduce memory load on the system
#   Increase physical memory or swap space
#   Check if swap backing store is full
#   Decrease Java heap size (-Xmx/-Xms)
#   Decrease number of Java threads
#   Decrease Java thread stack sizes (-Xss)
#   Set larger code cache with -XX:ReservedCodeCacheSize=
#   JVM is running with Unscaled Compressed Oops mode in which the Java heap is
#     placed in the first 4GB address space. The Java Heap base address is the
#     maximum limit for the native heap growth. Please use -XX:HeapBaseMinAddress
#     to set the Java Heap base and to place the Java Heap above 4GB virtual address.
# This output file may be truncated or incomplete.
#
#  Out of Memory Error (arena.cpp:168), pid=13392, tid=6440
#
# JRE version: OpenJDK Runtime Environment JBR-21.0.9+1-1163.86-jcef (21.0.9+1) (build 21.0.9+1-b1163.86)
# Java VM: OpenJDK 64-Bit Server VM JBR-21.0.9+1-1163.86-jcef (21.0.9+1-b1163.86, mixed mode, sharing, tiered, compressed oops, compressed class ptrs, g1 gc, windows-amd64)
# No core dump will be written. Minidumps are not enabled by default on client versions of Windows
#

---------------  S U M M A R Y ------------

Command Line: -Djava.rmi.server.hostname=127.0.0.1 -Duser.timezone=UTC -Xmx2048m -Xms128m --add-exports=java.desktop/sun.awt=ALL-UNNAMED --add-exports=java.desktop/java.awt.peer=ALL-UNNAMED --add-opens=java.desktop/java.awt=ALL-UNNAMED --add-opens=jdk.unsupported/sun.misc=ALL-UNNAMED --add-opens=java.base/java.nio=ALL-UNNAMED --add-opens=java.base/java.util=ALL-UNNAMED -Dfile.encoding=UTF-8 -Dsun.stdout.encoding=UTF-8 -Dsun.stderr.encoding=UTF-8 com.intellij.database.remote.RemoteJdbcServer oracle.jdbc.OracleDriver

Host: 12th Gen Intel(R) Core(TM) i5-1235U, 12 cores, 15G,  Windows 11 , 64 bit Build 26100 (10.0.26100.8246)
Time: Fri Apr 17 12:25:11 2026 SE Asia Standard Time elapsed time: 13912.416499 seconds (0d 3h 51m 52s)

---------------  T H R E A D  ---------------

Current thread (0x000001dc1803c5a0):  JavaThread "C2 CompilerThread0" daemon [_thread_in_native, id=6440, stack(0x000000c2b9700000,0x000000c2b9800000) (1024K)]


Current CompileTask:
C2:13912416 3812       4       sun.rmi.transport.StreamRemoteCall::getOutputStream (39 bytes)

Stack: [0x000000c2b9700000,0x000000c2b9800000]
Native frames: (J=compiled Java code, j=interpreted, Vv=VM code, C=native code)
V  [jvm.dll+0x6ec339]
V  [jvm.dll+0x8cc463]
V  [jvm.dll+0x8cea7e]
V  [jvm.dll+0x8cf163]
V  [jvm.dll+0x28b006]
V  [jvm.dll+0xc6f3d]
V  [jvm.dll+0xc7473]
V  [jvm.dll+0x301db0]
V  [jvm.dll+0x611df9]
V  [jvm.dll+0x25b0b2]
V  [jvm.dll+0x25b46f]
V  [jvm.dll+0x253c15]
V  [jvm.dll+0x25146e]
V  [jvm.dll+0x1ceb04]
V  [jvm.dll+0x260e0e]
V  [jvm.dll+0x25f356]
V  [jvm.dll+0x4031b6]
V  [jvm.dll+0x874178]
V  [jvm.dll+0x6eaabd]
C  [ucrtbase.dll+0x37b0]
C  [KERNEL32.DLL+0x2e8d7]
C  [ntdll.dll+0x8c3fc]


---------------  P R O C E S S  ---------------

Threads class SMR info:
_java_thread_list=0x000001dc5f68d170, length=22, elements={
0x000001dc7f5356a0, 0x000001dc1801b3c0, 0x000001dc18025e00, 0x000001dc18028e30,
0x000001dc1802d070, 0x000001dc1802dc00, 0x000001dc180307e0, 0x000001dc1802f820,
0x000001dc1803c5a0, 0x000001dc1803d040, 0x000001dc182d0210, 0x000001dc18774800,
0x000001dc184012a0, 0x000001dc186e4d60, 0x000001dc1858d2f0, 0x000001dc18698db0,
0x000001dc186c33a0, 0x000001dc186c4750, 0x000001dc186c4de0, 0x000001dc186c6190,
0x000001dc186c5b00, 0x000001dc5f6a87c0
}

Java Threads: ( => current thread )
  0x000001dc7f5356a0 JavaThread "main"                              [_thread_blocked, id=24180, stack(0x000000c2b8800000,0x000000c2b8900000) (1024K)]
  0x000001dc1801b3c0 JavaThread "Common-Cleaner"             daemon [_thread_blocked, id=12140, stack(0x000000c2b9000000,0x000000c2b9100000) (1024K)]
  0x000001dc18025e00 JavaThread "Reference Handler"          daemon [_thread_blocked, id=20616, stack(0x000000c2b9100000,0x000000c2b9200000) (1024K)]
  0x000001dc18028e30 JavaThread "Finalizer"                  daemon [_thread_blocked, id=13740, stack(0x000000c2b9200000,0x000000c2b9300000) (1024K)]
  0x000001dc1802d070 JavaThread "Signal Dispatcher"          daemon [_thread_blocked, id=22924, stack(0x000000c2b9300000,0x000000c2b9400000) (1024K)]
  0x000001dc1802dc00 JavaThread "Attach Listener"            daemon [_thread_blocked, id=17072, stack(0x000000c2b9400000,0x000000c2b9500000) (1024K)]
  0x000001dc180307e0 JavaThread "Service Thread"             daemon [_thread_blocked, id=23448, stack(0x000000c2b9500000,0x000000c2b9600000) (1024K)]
  0x000001dc1802f820 JavaThread "Monitor Deflation Thread"   daemon [_thread_blocked, id=23192, stack(0x000000c2b9600000,0x000000c2b9700000) (1024K)]
=>0x000001dc1803c5a0 JavaThread "C2 CompilerThread0"         daemon [_thread_in_native, id=6440, stack(0x000000c2b9700000,0x000000c2b9800000) (1024K)]
  0x000001dc1803d040 JavaThread "C1 CompilerThread0"         daemon [_thread_blocked, id=24556, stack(0x000000c2b9800000,0x000000c2b9900000) (1024K)]
  0x000001dc182d0210 JavaThread "Notification Thread"        daemon [_thread_blocked, id=18088, stack(0x000000c2b9900000,0x000000c2b9a00000) (1024K)]
  0x000001dc18774800 JavaThread "RMI TCP Accept-32767"       daemon [_thread_in_native, id=2940, stack(0x000000c2b9b00000,0x000000c2b9c00000) (1024K)]
  0x000001dc184012a0 JavaThread "RMI TCP Accept-0"           daemon [_thread_in_native, id=23548, stack(0x000000c2b9c00000,0x000000c2b9d00000) (1024K)]
  0x000001dc186e4d60 JavaThread "RMI Reaper"                        [_thread_blocked, id=4988, stack(0x000000c2b9d00000,0x000000c2b9e00000) (1024K)]
  0x000001dc1858d2f0 JavaThread "RMI GC Daemon"              daemon [_thread_blocked, id=22656, stack(0x000000c2b9e00000,0x000000c2b9f00000) (1024K)]
  0x000001dc18698db0 JavaThread "RMI TCP Connection(2)-127.0.0.1" daemon [_thread_in_native, id=12424, stack(0x000000c2ba000000,0x000000c2ba100000) (1024K)]
  0x000001dc186c33a0 JavaThread "RMI Scheduler(0)"           daemon [_thread_blocked, id=12568, stack(0x000000c2ba100000,0x000000c2ba200000) (1024K)]
  0x000001dc186c4750 JavaThread "RMI RenewClean-[127.0.0.1:55385]" daemon [_thread_blocked, id=21200, stack(0x000000c2ba400000,0x000000c2ba500000) (1024K)]
  0x000001dc186c4de0 JavaThread "oracle.jdbc.diagnostics.Diagnostic.CLOCK" daemon [_thread_blocked, id=15820, stack(0x000000c2ba500000,0x000000c2ba600000) (1024K)]
  0x000001dc186c6190 JavaThread "oracle.jdbc.driver.BlockSource.ThreadedCachingBlockSource.BlockReleaser" daemon [_thread_blocked, id=11304, stack(0x000000c2baf00000,0x000000c2bb000000) (1024K)]
  0x000001dc186c5b00 JavaThread "InterruptTimer"             daemon [_thread_blocked, id=4544, stack(0x000000c2bb100000,0x000000c2bb200000) (1024K)]
  0x000001dc5f6a87c0 JavaThread "RMI TCP Connection(6)-127.0.0.1" daemon [_thread_in_native, id=18736, stack(0x000000c2b8500000,0x000000c2b8600000) (1024K)]
Total: 22

Other Threads:
  0x000001dc18006e30 VMThread "VM Thread"                           [id=19172, stack(0x000000c2b8f00000,0x000000c2b9000000) (1024K)]
  0x000001dc17ff48a0 WatcherThread "VM Periodic Task Thread"        [id=4164, stack(0x000000c2b8e00000,0x000000c2b8f00000) (1024K)]
  0x000001dc7f58c170 WorkerThread "GC Thread#0"                     [id=22756, stack(0x000000c2b8900000,0x000000c2b8a00000) (1024K)]
  0x000001dc186ba120 WorkerThread "GC Thread#1"                     [id=1768, stack(0x000000c2ba600000,0x000000c2ba700000) (1024K)]
  0x000001dc18687530 WorkerThread "GC Thread#2"                     [id=23360, stack(0x000000c2ba700000,0x000000c2ba800000) (1024K)]
  0x000001dc186878d0 WorkerThread "GC Thread#3"                     [id=18080, stack(0x000000c2ba800000,0x000000c2ba900000) (1024K)]
  0x000001dc1879a660 WorkerThread "GC Thread#4"                     [id=21860, stack(0x000000c2ba900000,0x000000c2baa00000) (1024K)]
  0x000001dc1879ce20 WorkerThread "GC Thread#5"                     [id=23088, stack(0x000000c2baa00000,0x000000c2bab00000) (1024K)]
  0x000001dc1879d1c0 WorkerThread "GC Thread#6"                     [id=19608, stack(0x000000c2bab00000,0x000000c2bac00000) (1024K)]
  0x000001dc1879d560 WorkerThread "GC Thread#7"                     [id=23652, stack(0x000000c2bac00000,0x000000c2bad00000) (1024K)]
  0x000001dc1879d900 WorkerThread "GC Thread#8"                     [id=23080, stack(0x000000c2bad00000,0x000000c2bae00000) (1024K)]
  0x000001dc1879e4b0 WorkerThread "GC Thread#9"                     [id=17100, stack(0x000000c2bae00000,0x000000c2baf00000) (1024K)]
  0x000001dc7f59d060 ConcurrentGCThread "G1 Main Marker"            [id=23680, stack(0x000000c2b8a00000,0x000000c2b8b00000) (1024K)]
  0x000001dc7f59dd80 WorkerThread "G1 Conc#0"                       [id=22728, stack(0x000000c2b8b00000,0x000000c2b8c00000) (1024K)]
  0x000001dc17eb9a30 ConcurrentGCThread "G1 Refine#0"               [id=10960, stack(0x000000c2b8c00000,0x000000c2b8d00000) (1024K)]
  0x000001dc17eba3b0 ConcurrentGCThread "G1 Service"                [id=23516, stack(0x000000c2b8d00000,0x000000c2b8e00000) (1024K)]
Total: 16

Threads with active compile tasks:
C2 CompilerThread0  13912463 3812       4       sun.rmi.transport.StreamRemoteCall::getOutputStream (39 bytes)
Total: 1

VM state: not at safepoint (normal execution)

VM Mutex/Monitor currently owned by a thread: None

Heap address: 0x0000000080000000, size: 2048 MB, Compressed Oops mode: 32-bit

CDS archive(s) mapped at: [0x000001dc19000000-0x000001dc1ac20000-0x000001dc1ac20000), size 29491200, SharedBaseAddress: 0x000001dc19000000, ArchiveRelocationMode: 1.
Compressed class space mapped at: 0x000001dc1b000000-0x000001dc5b000000, reserved size: 1073741824
Narrow klass base: 0x000001dc19000000, Narrow klass shift: 0, Narrow klass range: 0x100000000

GC Precious Log:
 CardTable entry size: 512
 Card Set container configuration: InlinePtr #cards 5 size 8 Array Of Cards #cards 12 size 40 Howl #buckets 4 coarsen threshold 1843 Howl Bitmap #cards 512 size 80 coarsen threshold 460 Card regions per heap region 1 cards per card region 2048
 CPUs: 12 total, 12 available
 Memory: 16068M
 Large Page Support: Disabled
 NUMA Support: Disabled
 Compressed Oops: Enabled (32-bit)
 Heap Region Size: 1M
 Heap Min Capacity: 128M
 Heap Initial Capacity: 128M
 Heap Max Capacity: 2G
 Pre-touch: Disabled
 Parallel Workers: 10
 Concurrent Workers: 3
 Concurrent Refinement Workers: 10
 Periodic GC: Disabled

Heap:
 garbage-first heap   total 131072K, used 16121K [0x0000000080000000, 0x0000000100000000)
  region size 1024K, 6 young (6144K), 0 survivors (0K)
 Metaspace       used 20960K, committed 21760K, reserved 1114112K
  class space    used 2548K, committed 2880K, reserved 1048576K

Heap Regions: E=young(eden), S=young(survivor), O=old, HS=humongous(starts), HC=humongous(continues), CS=collection set, F=free, TAMS=top-at-mark-start, PB=parsable bottom
|   0|0x0000000080000000, 0x0000000080100000, 0x0000000080100000|100%|HS|  |TAMS 0x0000000080000000| PB 0x0000000080000000| Untracked 
|   1|0x0000000080100000, 0x0000000080200000, 0x0000000080200000|100%|HS|  |TAMS 0x0000000080100000| PB 0x0000000080100000| Untracked 
|   2|0x0000000080200000, 0x00000000802ffff0, 0x0000000080300000| 99%| O|  |TAMS 0x0000000080200000| PB 0x0000000080200000| Untracked 
|   3|0x0000000080300000, 0x0000000080400000, 0x0000000080400000|100%| O|  |TAMS 0x0000000080300000| PB 0x0000000080300000| Untracked 
|   4|0x0000000080400000, 0x00000000804fffe8, 0x0000000080500000| 99%| O|  |TAMS 0x0000000080400000| PB 0x0000000080400000| Untracked 
|   5|0x0000000080500000, 0x00000000805ffff0, 0x0000000080600000| 99%| O|  |TAMS 0x0000000080500000| PB 0x0000000080500000| Untracked 
|   6|0x0000000080600000, 0x00000000806ffde8, 0x0000000080700000| 99%| O|  |TAMS 0x0000000080600000| PB 0x0000000080600000| Untracked 
|   7|0x0000000080700000, 0x00000000807fee18, 0x0000000080800000| 99%| O|  |TAMS 0x0000000080700000| PB 0x0000000080700000| Untracked 
|   8|0x0000000080800000, 0x00000000808e6908, 0x0000000080900000| 90%| O|  |TAMS 0x0000000080800000| PB 0x0000000080800000| Untracked 
|   9|0x0000000080900000, 0x00000000809fffe0, 0x0000000080a00000| 99%| O|  |TAMS 0x0000000080900000| PB 0x0000000080900000| Untracked 
|  10|0x0000000080a00000, 0x0000000080ab3eb8, 0x0000000080b00000| 70%| O|  |TAMS 0x0000000080a00000| PB 0x0000000080a00000| Untracked 
|  11|0x0000000080b00000, 0x0000000080b00000, 0x0000000080c00000|  0%| F|  |TAMS 0x0000000080b00000| PB 0x0000000080b00000| Untracked 
|  12|0x0000000080c00000, 0x0000000080c25238, 0x0000000080d00000| 14%| O|  |TAMS 0x0000000080c00000| PB 0x0000000080c00000| Untracked 
|  13|0x0000000080d00000, 0x0000000080d00000, 0x0000000080e00000|  0%| F|  |TAMS 0x0000000080d00000| PB 0x0000000080d00000| Untracked 
|  14|0x0000000080e00000, 0x0000000080e00000, 0x0000000080f00000|  0%| F|  |TAMS 0x0000000080e00000| PB 0x0000000080e00000| Untracked 
|  15|0x0000000080f00000, 0x0000000080f00000, 0x0000000081000000|  0%| F|  |TAMS 0x0000000080f00000| PB 0x0000000080f00000| Untracked 
|  16|0x0000000081000000, 0x0000000081000000, 0x0000000081100000|  0%| F|  |TAMS 0x0000000081000000| PB 0x0000000081000000| Untracked 
|  17|0x0000000081100000, 0x0000000081100000, 0x0000000081200000|  0%| F|  |TAMS 0x0000000081100000| PB 0x0000000081100000| Untracked 
|  18|0x0000000081200000, 0x0000000081200000, 0x0000000081300000|  0%| F|  |TAMS 0x0000000081200000| PB 0x0000000081200000| Untracked 
|  19|0x0000000081300000, 0x0000000081300000, 0x0000000081400000|  0%| F|  |TAMS 0x0000000081300000| PB 0x0000000081300000| Untracked 
|  20|0x0000000081400000, 0x0000000081400000, 0x0000000081500000|  0%| F|  |TAMS 0x0000000081400000| PB 0x0000000081400000| Untracked 
|  21|0x0000000081500000, 0x0000000081500000, 0x0000000081600000|  0%| F|  |TAMS 0x0000000081500000| PB 0x0000000081500000| Untracked 
|  22|0x0000000081600000, 0x0000000081600000, 0x0000000081700000|  0%| F|  |TAMS 0x0000000081600000| PB 0x0000000081600000| Untracked 
|  23|0x0000000081700000, 0x0000000081700000, 0x0000000081800000|  0%| F|  |TAMS 0x0000000081700000| PB 0x0000000081700000| Untracked 
|  24|0x0000000081800000, 0x0000000081800000, 0x0000000081900000|  0%| F|  |TAMS 0x0000000081800000| PB 0x0000000081800000| Untracked 
|  25|0x0000000081900000, 0x0000000081900000, 0x0000000081a00000|  0%| F|  |TAMS 0x0000000081900000| PB 0x0000000081900000| Untracked 
|  26|0x0000000081a00000, 0x0000000081a00000, 0x0000000081b00000|  0%| F|  |TAMS 0x0000000081a00000| PB 0x0000000081a00000| Untracked 
|  27|0x0000000081b00000, 0x0000000081b00000, 0x0000000081c00000|  0%| F|  |TAMS 0x0000000081b00000| PB 0x0000000081b00000| Untracked 
|  28|0x0000000081c00000, 0x0000000081c00000, 0x0000000081d00000|  0%| F|  |TAMS 0x0000000081c00000| PB 0x0000000081c00000| Untracked 
|  29|0x0000000081d00000, 0x0000000081d00000, 0x0000000081e00000|  0%| F|  |TAMS 0x0000000081d00000| PB 0x0000000081d00000| Untracked 
|  30|0x0000000081e00000, 0x0000000081e00000, 0x0000000081f00000|  0%| F|  |TAMS 0x0000000081e00000| PB 0x0000000081e00000| Untracked 
|  31|0x0000000081f00000, 0x0000000081f00000, 0x0000000082000000|  0%| F|  |TAMS 0x0000000081f00000| PB 0x0000000081f00000| Untracked 
|  32|0x0000000082000000, 0x0000000082000000, 0x0000000082100000|  0%| F|  |TAMS 0x0000000082000000| PB 0x0000000082000000| Untracked 
|  33|0x0000000082100000, 0x0000000082100000, 0x0000000082200000|  0%| F|  |TAMS 0x0000000082100000| PB 0x0000000082100000| Untracked 
|  34|0x0000000082200000, 0x0000000082200000, 0x0000000082300000|  0%| F|  |TAMS 0x0000000082200000| PB 0x0000000082200000| Untracked 
|  35|0x0000000082300000, 0x0000000082300000, 0x0000000082400000|  0%| F|  |TAMS 0x0000000082300000| PB 0x0000000082300000| Untracked 
|  36|0x0000000082400000, 0x0000000082400000, 0x0000000082500000|  0%| F|  |TAMS 0x0000000082400000| PB 0x0000000082400000| Untracked 
|  37|0x0000000082500000, 0x0000000082500000, 0x0000000082600000|  0%| F|  |TAMS 0x0000000082500000| PB 0x0000000082500000| Untracked 
|  38|0x0000000082600000, 0x0000000082600000, 0x0000000082700000|  0%| F|  |TAMS 0x0000000082600000| PB 0x0000000082600000| Untracked 
|  39|0x0000000082700000, 0x0000000082700000, 0x0000000082800000|  0%| F|  |TAMS 0x0000000082700000| PB 0x0000000082700000| Untracked 
|  40|0x0000000082800000, 0x0000000082800000, 0x0000000082900000|  0%| F|  |TAMS 0x0000000082800000| PB 0x0000000082800000| Untracked 
|  41|0x0000000082900000, 0x0000000082900000, 0x0000000082a00000|  0%| F|  |TAMS 0x0000000082900000| PB 0x0000000082900000| Untracked 
|  42|0x0000000082a00000, 0x0000000082a00000, 0x0000000082b00000|  0%| F|  |TAMS 0x0000000082a00000| PB 0x0000000082a00000| Untracked 
|  43|0x0000000082b00000, 0x0000000082b00000, 0x0000000082c00000|  0%| F|  |TAMS 0x0000000082b00000| PB 0x0000000082b00000| Untracked 
|  44|0x0000000082c00000, 0x0000000082c00000, 0x0000000082d00000|  0%| F|  |TAMS 0x0000000082c00000| PB 0x0000000082c00000| Untracked 
|  45|0x0000000082d00000, 0x0000000082d00000, 0x0000000082e00000|  0%| F|  |TAMS 0x0000000082d00000| PB 0x0000000082d00000| Untracked 
|  46|0x0000000082e00000, 0x0000000082e00000, 0x0000000082f00000|  0%| F|  |TAMS 0x0000000082e00000| PB 0x0000000082e00000| Untracked 
|  47|0x0000000082f00000, 0x0000000082f00000, 0x0000000083000000|  0%| F|  |TAMS 0x0000000082f00000| PB 0x0000000082f00000| Untracked 
|  48|0x0000000083000000, 0x0000000083000000, 0x0000000083100000|  0%| F|  |TAMS 0x0000000083000000| PB 0x0000000083000000| Untracked 
|  49|0x0000000083100000, 0x0000000083100000, 0x0000000083200000|  0%| F|  |TAMS 0x0000000083100000| PB 0x0000000083100000| Untracked 
|  50|0x0000000083200000, 0x0000000083200000, 0x0000000083300000|  0%| F|  |TAMS 0x0000000083200000| PB 0x0000000083200000| Untracked 
|  51|0x0000000083300000, 0x0000000083300000, 0x0000000083400000|  0%| F|  |TAMS 0x0000000083300000| PB 0x0000000083300000| Untracked 
|  52|0x0000000083400000, 0x0000000083400000, 0x0000000083500000|  0%| F|  |TAMS 0x0000000083400000| PB 0x0000000083400000| Untracked 
|  53|0x0000000083500000, 0x0000000083500000, 0x0000000083600000|  0%| F|  |TAMS 0x0000000083500000| PB 0x0000000083500000| Untracked 
|  54|0x0000000083600000, 0x0000000083600000, 0x0000000083700000|  0%| F|  |TAMS 0x0000000083600000| PB 0x0000000083600000| Untracked 
|  55|0x0000000083700000, 0x0000000083700000, 0x0000000083800000|  0%| F|  |TAMS 0x0000000083700000| PB 0x0000000083700000| Untracked 
|  56|0x0000000083800000, 0x0000000083800000, 0x0000000083900000|  0%| F|  |TAMS 0x0000000083800000| PB 0x0000000083800000| Untracked 
|  57|0x0000000083900000, 0x0000000083900000, 0x0000000083a00000|  0%| F|  |TAMS 0x0000000083900000| PB 0x0000000083900000| Untracked 
|  58|0x0000000083a00000, 0x0000000083a00000, 0x0000000083b00000|  0%| F|  |TAMS 0x0000000083a00000| PB 0x0000000083a00000| Untracked 
|  59|0x0000000083b00000, 0x0000000083b00000, 0x0000000083c00000|  0%| F|  |TAMS 0x0000000083b00000| PB 0x0000000083b00000| Untracked 
|  60|0x0000000083c00000, 0x0000000083c00000, 0x0000000083d00000|  0%| F|  |TAMS 0x0000000083c00000| PB 0x0000000083c00000| Untracked 
|  61|0x0000000083d00000, 0x0000000083d00000, 0x0000000083e00000|  0%| F|  |TAMS 0x0000000083d00000| PB 0x0000000083d00000| Untracked 
|  62|0x0000000083e00000, 0x0000000083e00000, 0x0000000083f00000|  0%| F|  |TAMS 0x0000000083e00000| PB 0x0000000083e00000| Untracked 
|  63|0x0000000083f00000, 0x0000000083f00000, 0x0000000084000000|  0%| F|  |TAMS 0x0000000083f00000| PB 0x0000000083f00000| Untracked 
|  64|0x0000000084000000, 0x0000000084000000, 0x0000000084100000|  0%| F|  |TAMS 0x0000000084000000| PB 0x0000000084000000| Untracked 
|  65|0x0000000084100000, 0x0000000084100000, 0x0000000084200000|  0%| F|  |TAMS 0x0000000084100000| PB 0x0000000084100000| Untracked 
|  66|0x0000000084200000, 0x0000000084200000, 0x0000000084300000|  0%| F|  |TAMS 0x0000000084200000| PB 0x0000000084200000| Untracked 
|  67|0x0000000084300000, 0x0000000084300000, 0x0000000084400000|  0%| F|  |TAMS 0x0000000084300000| PB 0x0000000084300000| Untracked 
|  68|0x0000000084400000, 0x0000000084400000, 0x0000000084500000|  0%| F|  |TAMS 0x0000000084400000| PB 0x0000000084400000| Untracked 
|  69|0x0000000084500000, 0x0000000084500000, 0x0000000084600000|  0%| F|  |TAMS 0x0000000084500000| PB 0x0000000084500000| Untracked 
|  70|0x0000000084600000, 0x0000000084600000, 0x0000000084700000|  0%| F|  |TAMS 0x0000000084600000| PB 0x0000000084600000| Untracked 
|  71|0x0000000084700000, 0x0000000084700000, 0x0000000084800000|  0%| F|  |TAMS 0x0000000084700000| PB 0x0000000084700000| Untracked 
|  72|0x0000000084800000, 0x0000000084800000, 0x0000000084900000|  0%| F|  |TAMS 0x0000000084800000| PB 0x0000000084800000| Untracked 
|  73|0x0000000084900000, 0x0000000084900000, 0x0000000084a00000|  0%| F|  |TAMS 0x0000000084900000| PB 0x0000000084900000| Untracked 
|  74|0x0000000084a00000, 0x0000000084a00000, 0x0000000084b00000|  0%| F|  |TAMS 0x0000000084a00000| PB 0x0000000084a00000| Untracked 
|  75|0x0000000084b00000, 0x0000000084b00000, 0x0000000084c00000|  0%| F|  |TAMS 0x0000000084b00000| PB 0x0000000084b00000| Untracked 
|  76|0x0000000084c00000, 0x0000000084c00000, 0x0000000084d00000|  0%| F|  |TAMS 0x0000000084c00000| PB 0x0000000084c00000| Untracked 
|  77|0x0000000084d00000, 0x0000000084d00000, 0x0000000084e00000|  0%| F|  |TAMS 0x0000000084d00000| PB 0x0000000084d00000| Untracked 
|  78|0x0000000084e00000, 0x0000000084e00000, 0x0000000084f00000|  0%| F|  |TAMS 0x0000000084e00000| PB 0x0000000084e00000| Untracked 
|  79|0x0000000084f00000, 0x0000000084f00000, 0x0000000085000000|  0%| F|  |TAMS 0x0000000084f00000| PB 0x0000000084f00000| Untracked 
|  80|0x0000000085000000, 0x0000000085000000, 0x0000000085100000|  0%| F|  |TAMS 0x0000000085000000| PB 0x0000000085000000| Untracked 
|  81|0x0000000085100000, 0x0000000085100000, 0x0000000085200000|  0%| F|  |TAMS 0x0000000085100000| PB 0x0000000085100000| Untracked 
|  82|0x0000000085200000, 0x0000000085200000, 0x0000000085300000|  0%| F|  |TAMS 0x0000000085200000| PB 0x0000000085200000| Untracked 
|  83|0x0000000085300000, 0x0000000085300000, 0x0000000085400000|  0%| F|  |TAMS 0x0000000085300000| PB 0x0000000085300000| Untracked 
|  84|0x0000000085400000, 0x0000000085400000, 0x0000000085500000|  0%| F|  |TAMS 0x0000000085400000| PB 0x0000000085400000| Untracked 
|  85|0x0000000085500000, 0x0000000085500000, 0x0000000085600000|  0%| F|  |TAMS 0x0000000085500000| PB 0x0000000085500000| Untracked 
|  86|0x0000000085600000, 0x0000000085600000, 0x0000000085700000|  0%| F|  |TAMS 0x0000000085600000| PB 0x0000000085600000| Untracked 
|  87|0x0000000085700000, 0x0000000085700000, 0x0000000085800000|  0%| F|  |TAMS 0x0000000085700000| PB 0x0000000085700000| Untracked 
|  88|0x0000000085800000, 0x0000000085800000, 0x0000000085900000|  0%| F|  |TAMS 0x0000000085800000| PB 0x0000000085800000| Untracked 
|  89|0x0000000085900000, 0x0000000085900000, 0x0000000085a00000|  0%| F|  |TAMS 0x0000000085900000| PB 0x0000000085900000| Untracked 
|  90|0x0000000085a00000, 0x0000000085a00000, 0x0000000085b00000|  0%| F|  |TAMS 0x0000000085a00000| PB 0x0000000085a00000| Untracked 
|  91|0x0000000085b00000, 0x0000000085b00000, 0x0000000085c00000|  0%| F|  |TAMS 0x0000000085b00000| PB 0x0000000085b00000| Untracked 
|  92|0x0000000085c00000, 0x0000000085c00000, 0x0000000085d00000|  0%| F|  |TAMS 0x0000000085c00000| PB 0x0000000085c00000| Untracked 
|  93|0x0000000085d00000, 0x0000000085d00000, 0x0000000085e00000|  0%| F|  |TAMS 0x0000000085d00000| PB 0x0000000085d00000| Untracked 
|  94|0x0000000085e00000, 0x0000000085e00000, 0x0000000085f00000|  0%| F|  |TAMS 0x0000000085e00000| PB 0x0000000085e00000| Untracked 
|  95|0x0000000085f00000, 0x0000000085f00000, 0x0000000086000000|  0%| F|  |TAMS 0x0000000085f00000| PB 0x0000000085f00000| Untracked 
|  96|0x0000000086000000, 0x0000000086000000, 0x0000000086100000|  0%| F|  |TAMS 0x0000000086000000| PB 0x0000000086000000| Untracked 
|  97|0x0000000086100000, 0x0000000086100000, 0x0000000086200000|  0%| F|  |TAMS 0x0000000086100000| PB 0x0000000086100000| Untracked 
|  98|0x0000000086200000, 0x0000000086200000, 0x0000000086300000|  0%| F|  |TAMS 0x0000000086200000| PB 0x0000000086200000| Untracked 
|  99|0x0000000086300000, 0x0000000086300000, 0x0000000086400000|  0%| F|  |TAMS 0x0000000086300000| PB 0x0000000086300000| Untracked 
| 100|0x0000000086400000, 0x0000000086400000, 0x0000000086500000|  0%| F|  |TAMS 0x0000000086400000| PB 0x0000000086400000| Untracked 
| 101|0x0000000086500000, 0x0000000086500000, 0x0000000086600000|  0%| F|  |TAMS 0x0000000086500000| PB 0x0000000086500000| Untracked 
| 102|0x0000000086600000, 0x0000000086600000, 0x0000000086700000|  0%| F|  |TAMS 0x0000000086600000| PB 0x0000000086600000| Untracked 
| 103|0x0000000086700000, 0x0000000086700000, 0x0000000086800000|  0%| F|  |TAMS 0x0000000086700000| PB 0x0000000086700000| Untracked 
| 104|0x0000000086800000, 0x0000000086800000, 0x0000000086900000|  0%| F|  |TAMS 0x0000000086800000| PB 0x0000000086800000| Untracked 
| 105|0x0000000086900000, 0x0000000086900000, 0x0000000086a00000|  0%| F|  |TAMS 0x0000000086900000| PB 0x0000000086900000| Untracked 
| 106|0x0000000086a00000, 0x0000000086a00000, 0x0000000086b00000|  0%| F|  |TAMS 0x0000000086a00000| PB 0x0000000086a00000| Untracked 
| 107|0x0000000086b00000, 0x0000000086b00000, 0x0000000086c00000|  0%| F|  |TAMS 0x0000000086b00000| PB 0x0000000086b00000| Untracked 
| 108|0x0000000086c00000, 0x0000000086c00000, 0x0000000086d00000|  0%| F|  |TAMS 0x0000000086c00000| PB 0x0000000086c00000| Untracked 
| 109|0x0000000086d00000, 0x0000000086d00000, 0x0000000086e00000|  0%| F|  |TAMS 0x0000000086d00000| PB 0x0000000086d00000| Untracked 
| 110|0x0000000086e00000, 0x0000000086e00000, 0x0000000086f00000|  0%| F|  |TAMS 0x0000000086e00000| PB 0x0000000086e00000| Untracked 
| 111|0x0000000086f00000, 0x0000000086f00000, 0x0000000087000000|  0%| F|  |TAMS 0x0000000086f00000| PB 0x0000000086f00000| Untracked 
| 112|0x0000000087000000, 0x0000000087000000, 0x0000000087100000|  0%| F|  |TAMS 0x0000000087000000| PB 0x0000000087000000| Untracked 
| 113|0x0000000087100000, 0x0000000087100000, 0x0000000087200000|  0%| F|  |TAMS 0x0000000087100000| PB 0x0000000087100000| Untracked 
| 114|0x0000000087200000, 0x0000000087200000, 0x0000000087300000|  0%| F|  |TAMS 0x0000000087200000| PB 0x0000000087200000| Untracked 
| 115|0x0000000087300000, 0x0000000087300000, 0x0000000087400000|  0%| F|  |TAMS 0x0000000087300000| PB 0x0000000087300000| Untracked 
| 116|0x0000000087400000, 0x0000000087400000, 0x0000000087500000|  0%| F|  |TAMS 0x0000000087400000| PB 0x0000000087400000| Untracked 
| 117|0x0000000087500000, 0x0000000087500000, 0x0000000087600000|  0%| F|  |TAMS 0x0000000087500000| PB 0x0000000087500000| Untracked 
| 118|0x0000000087600000, 0x0000000087600000, 0x0000000087700000|  0%| F|  |TAMS 0x0000000087600000| PB 0x0000000087600000| Untracked 
| 119|0x0000000087700000, 0x0000000087700000, 0x0000000087800000|  0%| F|  |TAMS 0x0000000087700000| PB 0x0000000087700000| Untracked 
| 120|0x0000000087800000, 0x0000000087800000, 0x0000000087900000|  0%| F|  |TAMS 0x0000000087800000| PB 0x0000000087800000| Untracked 
| 121|0x0000000087900000, 0x0000000087900000, 0x0000000087a00000|  0%| F|  |TAMS 0x0000000087900000| PB 0x0000000087900000| Untracked 
| 122|0x0000000087a00000, 0x0000000087ae10f0, 0x0000000087b00000| 87%| E|  |TAMS 0x0000000087a00000| PB 0x0000000087a00000| Complete 
| 123|0x0000000087b00000, 0x0000000087c00000, 0x0000000087c00000|100%| E|CS|TAMS 0x0000000087b00000| PB 0x0000000087b00000| Complete 
| 124|0x0000000087c00000, 0x0000000087d00000, 0x0000000087d00000|100%| E|CS|TAMS 0x0000000087c00000| PB 0x0000000087c00000| Complete 
| 125|0x0000000087d00000, 0x0000000087e00000, 0x0000000087e00000|100%| E|CS|TAMS 0x0000000087d00000| PB 0x0000000087d00000| Complete 
| 126|0x0000000087e00000, 0x0000000087f00000, 0x0000000087f00000|100%| E|CS|TAMS 0x0000000087e00000| PB 0x0000000087e00000| Complete 
| 127|0x0000000087f00000, 0x0000000088000000, 0x0000000088000000|100%| E|CS|TAMS 0x0000000087f00000| PB 0x0000000087f00000| Complete 

Card table byte_map: [0x000001dc12f90000,0x000001dc13390000] _byte_map_base: 0x000001dc12b90000

Marking Bits: (CMBitMap*) 0x000001dc7f58c780
 Bits: [0x000001dc13390000, 0x000001dc15390000)

Polling page: 0x000001dc7d300000

Metaspace:

Usage:
  Non-class:     17.98 MB used.
      Class:      2.49 MB used.
       Both:     20.47 MB used.

Virtual space:
  Non-class space:       64.00 MB reserved,      18.44 MB ( 29%) committed,  1 nodes.
      Class space:        1.00 GB reserved,       2.81 MB ( <1%) committed,  1 nodes.
             Both:        1.06 GB reserved,      21.25 MB (  2%) committed. 

Chunk freelists:
   Non-Class:  13.91 MB
       Class:  13.37 MB
        Both:  27.28 MB

MaxMetaspaceSize: unlimited
CompressedClassSpaceSize: 1.00 GB
Initial GC threshold: 21.00 MB
Current GC threshold: 35.44 MB
CDS: on
 - commit_granule_bytes: 65536.
 - commit_granule_words: 8192.
 - virtual_space_node_default_size: 8388608.
 - enlarge_chunks_in_place: 1.
 - use_allocation_guard: 0.


Internal statistics:

num_allocs_failed_limit: 0.
num_arena_births: 702.
num_arena_deaths: 358.
num_vsnodes_births: 2.
num_vsnodes_deaths: 0.
num_space_committed: 340.
num_space_uncommitted: 0.
num_chunks_returned_to_freelist: 474.
num_chunks_taken_from_freelist: 1538.
num_chunk_merges: 99.
num_chunk_splits: 977.
num_chunks_enlarged: 542.
num_inconsistent_stats: 0.

CodeHeap 'non-profiled nmethods': size=120000Kb used=1993Kb max_used=2121Kb free=118006Kb
 bounds [0x000001dc0ba60000, 0x000001dc0bcd0000, 0x000001dc12f90000]
CodeHeap 'profiled nmethods': size=120000Kb used=5703Kb max_used=7082Kb free=114296Kb
 bounds [0x000001dc03f90000, 0x000001dc04680000, 0x000001dc0b4c0000]
CodeHeap 'non-nmethods': size=5760Kb used=1502Kb max_used=1564Kb free=4257Kb
 bounds [0x000001dc0b4c0000, 0x000001dc0b730000, 0x000001dc0ba60000]
CodeCache: size=245760Kb, used=9198Kb, max_used=10767Kb, free=236559Kb
 total_blobs=3875, nmethods=3220, adapters=559, full_count=0
Compilation: enabled, stopped_count=0, restarted_count=0

Compilation events (20 events):
Event: 12420.930 Thread 0x000001dc1803d040 nmethod 3803 0x000001dc042d9e90 code [0x000001dc042da180, 0x000001dc042dafb0]
Event: 12420.930 Thread 0x000001dc1803d040 3802       3       java.lang.ref.ReferenceQueue::await (15 bytes)
Event: 12420.931 Thread 0x000001dc1803d040 nmethod 3802 0x000001dc0408c090 code [0x000001dc0408c240, 0x000001dc0408c3e0]
Event: 12650.570 Thread 0x000001dc1803c5a0 3804       4       jdk.internal.util.ByteArray::setShort (10 bytes)
Event: 12650.581 Thread 0x000001dc1803c5a0 nmethod 3804 0x000001dc0ba89490 code [0x000001dc0ba89620, 0x000001dc0ba89700]
Event: 12977.623 Thread 0x000001dc1803c5a0 3805       4       java.util.concurrent.ThreadPoolExecutor::runStateAtLeast (11 bytes)
Event: 12977.624 Thread 0x000001dc1803c5a0 nmethod 3805 0x000001dc0bae9f90 code [0x000001dc0baea120, 0x000001dc0baea1a8]
Event: 13308.514 Thread 0x000001dc1803c5a0 3806       4       java.io.ObjectInputStream::checkResolve (86 bytes)
Event: 13308.522 Thread 0x000001dc1803c5a0 nmethod 3806 0x000001dc0bae9a90 code [0x000001dc0bae9c20, 0x000001dc0bae9cd0]
Event: 13353.580 Thread 0x000001dc1803c5a0 3807   !   4       java.io.ObjectInputStream::readObject (160 bytes)
Event: 13353.613 Thread 0x000001dc1803c5a0 nmethod 3807 0x000001dc0bad2290 code [0x000001dc0bad2460, 0x000001dc0bad2850]
Event: 13479.740 Thread 0x000001dc1803c5a0 3808   !   4       java.io.ObjectOutputStream::writeSerialData (223 bytes)
Event: 13480.078 Thread 0x000001dc1803c5a0 nmethod 3808 0x000001dc0bb2d390 code [0x000001dc0bb2da40, 0x000001dc0bb330e8]
Event: 13696.056 Thread 0x000001dc1803c5a0 3809       4       java.io.ObjectStreamField::isPrimitive (23 bytes)
Event: 13696.075 Thread 0x000001dc1803c5a0 nmethod 3809 0x000001dc0bb2cb10 code [0x000001dc0bb2cce0, 0x000001dc0bb2cfa0]
Event: 13804.203 Thread 0x000001dc1803c5a0 3810   !   4       java.rmi.server.UID::<init> (164 bytes)
Event: 13804.222 Thread 0x000001dc1803c5a0 nmethod 3810 0x000001dc0bb0c690 code [0x000001dc0bb0c820, 0x000001dc0bb0ca88]
Event: 13815.712 Thread 0x000001dc1803c5a0 3811       4       java.util.ArrayList$Itr::<init> (26 bytes)
Event: 13815.717 Thread 0x000001dc1803c5a0 nmethod 3811 0x000001dc0bb0c290 code [0x000001dc0bb0c420, 0x000001dc0bb0c5d0]
Event: 13912.322 Thread 0x000001dc1803c5a0 3812       4       sun.rmi.transport.StreamRemoteCall::getOutputStream (39 bytes)

GC Heap History (10 events):
Event: 0.490 GC heap before
{Heap before GC invocations=0 (full 0):
 garbage-first heap   total 131072K, used 24576K [0x0000000080000000, 0x0000000100000000)
  region size 1024K, 23 young (23552K), 0 survivors (0K)
 Metaspace       used 5712K, committed 6016K, reserved 1114112K
  class space    used 744K, committed 896K, reserved 1048576K
}
Event: 0.496 GC heap after
{Heap after GC invocations=1 (full 0):
 garbage-first heap   total 131072K, used 8008K [0x0000000080000000, 0x0000000100000000)
  region size 1024K, 3 young (3072K), 3 survivors (3072K)
 Metaspace       used 5712K, committed 6016K, reserved 1114112K
  class space    used 744K, committed 896K, reserved 1048576K
}
Event: 1.175 GC heap before
{Heap before GC invocations=1 (full 0):
 garbage-first heap   total 131072K, used 34632K [0x0000000080000000, 0x0000000100000000)
  region size 1024K, 30 young (30720K), 3 survivors (3072K)
 Metaspace       used 15429K, committed 15808K, reserved 1114112K
  class space    used 1771K, committed 1984K, reserved 1048576K
}
Event: 1.180 GC heap after
{Heap after GC invocations=2 (full 0):
 garbage-first heap   total 131072K, used 11831K [0x0000000080000000, 0x0000000100000000)
  region size 1024K, 4 young (4096K), 4 survivors (4096K)
 Metaspace       used 15429K, committed 15808K, reserved 1114112K
  class space    used 1771K, committed 1984K, reserved 1048576K
}
Event: 3600.012 GC heap before
{Heap before GC invocations=2 (full 0):
 garbage-first heap   total 131072K, used 41527K [0x0000000080000000, 0x0000000100000000)
  region size 1024K, 34 young (34816K), 4 survivors (4096K)
 Metaspace       used 19605K, committed 20096K, reserved 1114112K
  class space    used 2418K, committed 2624K, reserved 1048576K
}
Event: 3600.110 GC heap after
{Heap after GC invocations=3 (full 1):
 garbage-first heap   total 131072K, used 11754K [0x0000000080000000, 0x0000000100000000)
  region size 1024K, 0 young (0K), 0 survivors (0K)
 Metaspace       used 19550K, committed 20096K, reserved 1114112K
  class space    used 2405K, committed 2624K, reserved 1048576K
}
Event: 7200.126 GC heap before
{Heap before GC invocations=3 (full 1):
 garbage-first heap   total 131072K, used 58858K [0x0000000080000000, 0x0000000100000000)
  region size 1024K, 48 young (49152K), 0 survivors (0K)
 Metaspace       used 21278K, committed 21760K, reserved 1114112K
  class space    used 2636K, committed 2880K, reserved 1048576K
}
Event: 7200.291 GC heap after
{Heap after GC invocations=4 (full 2):
 garbage-first heap   total 131072K, used 12045K [0x0000000080000000, 0x0000000100000000)
  region size 1024K, 0 young (0K), 0 survivors (0K)
 Metaspace       used 21123K, committed 21760K, reserved 1114112K
  class space    used 2592K, committed 2880K, reserved 1048576K
}
Event: 10800.324 GC heap before
{Heap before GC invocations=4 (full 2):
 garbage-first heap   total 131072K, used 20237K [0x0000000080000000, 0x0000000100000000)
  region size 1024K, 9 young (9216K), 0 survivors (0K)
 Metaspace       used 21160K, committed 21760K, reserved 1114112K
  class space    used 2592K, committed 2880K, reserved 1048576K
}
Event: 10800.572 GC heap after
{Heap after GC invocations=5 (full 3):
 garbage-first heap   total 131072K, used 11001K [0x0000000080000000, 0x0000000100000000)
  region size 1024K, 0 young (0K), 0 survivors (0K)
 Metaspace       used 20956K, committed 21760K, reserved 1114112K
  class space    used 2548K, committed 2880K, reserved 1048576K
}

Dll operation events (2 events):
Event: 0.006 Loaded shared library C:\Program Files\JetBrains\IntelliJ IDEA 2025.3.1.1\jbr\bin\java.dll
Event: 0.064 Loaded shared library C:\Program Files\JetBrains\IntelliJ IDEA 2025.3.1.1\jbr\bin\zip.dll

Deoptimization events (20 events):
Event: 4037.338 Thread 0x000001dc186c40c0 DEOPT PACKING pc=0x000001dc0bb56c54 sp=0x000000c2ba3fb020
Event: 4037.338 Thread 0x000001dc186c40c0 DEOPT UNPACKING pc=0x000001dc0b514422 sp=0x000000c2ba3fafa0 mode 2
Event: 4038.067 Thread 0x000001dc186c40c0 Uncommon trap: trap_request=0xffffff45 fr.pc=0x000001dc0bbb6c00 relative=0x0000000000000a80
Event: 4038.067 Thread 0x000001dc186c40c0 Uncommon trap: reason=unstable_if action=reinterpret pc=0x000001dc0bbb6c00 method=java.io.ObjectInputStream$BlockDataInputStream.readUTFSpan(Ljava/lang/StringBuilder;J)J @ 35 c2
Event: 4038.067 Thread 0x000001dc186c40c0 DEOPT PACKING pc=0x000001dc0bbb6c00 sp=0x000000c2ba3fe4a0
Event: 4038.067 Thread 0x000001dc186c40c0 DEOPT UNPACKING pc=0x000001dc0b514422 sp=0x000000c2ba3fe450 mode 2
Event: 4049.177 Thread 0x000001dc186c40c0 DEOPT PACKING pc=0x000001dc043abbb7 sp=0x000000c2ba3fdde0
Event: 4049.177 Thread 0x000001dc186c40c0 DEOPT UNPACKING pc=0x000001dc0b514bc2 sp=0x000000c2ba3fd258 mode 0
Event: 4081.962 Thread 0x000001dc186c40c0 Uncommon trap: trap_request=0xffffff45 fr.pc=0x000001dc0bb9282c relative=0x0000000000003f0c
Event: 4081.963 Thread 0x000001dc186c40c0 Uncommon trap: reason=unstable_if action=reinterpret pc=0x000001dc0bb9282c method=sun.nio.ch.NioSocketImpl.implRead([BII)I @ 160 c2
Event: 4081.963 Thread 0x000001dc186c40c0 DEOPT PACKING pc=0x000001dc0bb9282c sp=0x000000c2ba3fed90
Event: 4081.963 Thread 0x000001dc186c40c0 DEOPT UNPACKING pc=0x000001dc0b514422 sp=0x000000c2ba3feb28 mode 2
Event: 7200.534 Thread 0x000001dc186c4750 Uncommon trap: trap_request=0xffffff45 fr.pc=0x000001dc0bbdc888 relative=0x0000000000007688
Event: 7200.535 Thread 0x000001dc186c4750 Uncommon trap: reason=unstable_if action=reinterpret pc=0x000001dc0bbdc888 method=java.io.ClassCache.processQueue()V @ 9 c2
Event: 7200.535 Thread 0x000001dc186c4750 DEOPT PACKING pc=0x000001dc0bbdc888 sp=0x000000c2ba4febb0
Event: 7200.535 Thread 0x000001dc186c4750 DEOPT UNPACKING pc=0x000001dc0b514422 sp=0x000000c2ba4fea48 mode 2
Event: 7200.535 Thread 0x000001dc186c4750 Uncommon trap: trap_request=0xffffff45 fr.pc=0x000001dc0bc01ae8 relative=0x0000000000000348
Event: 7200.535 Thread 0x000001dc186c4750 Uncommon trap: reason=unstable_if action=reinterpret pc=0x000001dc0bc01ae8 method=java.lang.ClassValue.match(Ljava/lang/ClassValue$Entry;)Z @ 12 c2
Event: 7200.535 Thread 0x000001dc186c4750 DEOPT PACKING pc=0x000001dc0bc01ae8 sp=0x000000c2ba4feb10
Event: 7200.535 Thread 0x000001dc186c4750 DEOPT UNPACKING pc=0x000001dc0b514422 sp=0x000000c2ba4fe9e0 mode 2

Classes loaded (20 events):
Event: 0.997 Loading class com/sun/crypto/provider/PBKDF2KeyImpl
Event: 0.997 Loading class javax/crypto/interfaces/PBEKey
Event: 0.997 Loading class javax/crypto/interfaces/PBEKey done
Event: 0.997 Loading class com/sun/crypto/provider/PBKDF2KeyImpl done
Event: 0.997 Loading class com/sun/crypto/provider/HmacCore$HmacSHA512
Event: 0.998 Loading class com/sun/crypto/provider/HmacCore$HmacSHA512 done
Event: 0.998 Loading class com/sun/crypto/provider/PBKDF2KeyImpl$1
Event: 0.998 Loading class com/sun/crypto/provider/PBKDF2KeyImpl$1 done
Event: 1.136 Loading class java/lang/Throwable$PrintStreamOrWriter
Event: 1.137 Loading class java/lang/Throwable$PrintStreamOrWriter done
Event: 1.228 Loading class java/lang/invoke/BoundMethodHandle$Species_LI
Event: 1.228 Loading class java/lang/invoke/BoundMethodHandle$Species_LI done
Event: 1.839 Loading class java/math/MathContext
Event: 1.839 Loading class java/math/MathContext done
Event: 1.839 Loading class java/math/BigDecimal$UnsafeHolder
Event: 1.840 Loading class java/math/BigDecimal$UnsafeHolder done
Event: 1.841 Loading class java/io/ObjectOutputStream$PutFieldImpl
Event: 1.842 Loading class java/io/ObjectOutputStream$PutField
Event: 1.842 Loading class java/io/ObjectOutputStream$PutField done
Event: 1.842 Loading class java/io/ObjectOutputStream$PutFieldImpl done

Classes unloaded (20 events):
Event: 10800.404 Thread 0x000001dc18006e30 Unloading class 0x000001dc1b1e2000 'jdk/internal/reflect/GeneratedSerializationConstructorAccessor24'
Event: 10800.404 Thread 0x000001dc18006e30 Unloading class 0x000001dc1b1e1800 'java/lang/invoke/LambdaForm$MH+0x000001dc1b1e1800'
Event: 10800.404 Thread 0x000001dc18006e30 Unloading class 0x000001dc1b1e0400 'java/lang/invoke/LambdaForm$MH+0x000001dc1b1e0400'
Event: 10800.404 Thread 0x000001dc18006e30 Unloading class 0x000001dc1b1e0000 'java/lang/invoke/LambdaForm$BMH+0x000001dc1b1e0000'
Event: 10800.404 Thread 0x000001dc18006e30 Unloading class 0x000001dc1b10d000 'jdk/internal/reflect/GeneratedSerializationConstructorAccessor23'
Event: 10800.405 Thread 0x000001dc18006e30 Unloading class 0x000001dc1b10cc00 'jdk/internal/reflect/GeneratedSerializationConstructorAccessor22'
Event: 10800.405 Thread 0x000001dc18006e30 Unloading class 0x000001dc1b10c800 'jdk/internal/reflect/GeneratedSerializationConstructorAccessor21'
Event: 10800.405 Thread 0x000001dc18006e30 Unloading class 0x000001dc1b10c400 'jdk/internal/reflect/GeneratedSerializationConstructorAccessor20'
Event: 10800.405 Thread 0x000001dc18006e30 Unloading class 0x000001dc1b10c000 'jdk/internal/reflect/GeneratedSerializationConstructorAccessor19'
Event: 10800.406 Thread 0x000001dc18006e30 Unloading class 0x000001dc1b0a7000 'java/lang/invoke/LambdaForm$MH+0x000001dc1b0a7000'
Event: 10800.406 Thread 0x000001dc18006e30 Unloading class 0x000001dc1b0a4000 'java/lang/invoke/LambdaForm$MH+0x000001dc1b0a4000'
Event: 10800.406 Thread 0x000001dc18006e30 Unloading class 0x000001dc1b0a3800 'java/lang/invoke/LambdaForm$MH+0x000001dc1b0a3800'
Event: 10800.406 Thread 0x000001dc18006e30 Unloading class 0x000001dc1b0a1400 'jdk/internal/reflect/GeneratedSerializationConstructorAccessor3'
Event: 10800.406 Thread 0x000001dc18006e30 Unloading class 0x000001dc1b09d800 'java/lang/invoke/LambdaForm$MH+0x000001dc1b09d800'
Event: 10800.406 Thread 0x000001dc18006e30 Unloading class 0x000001dc1b09a400 'java/lang/invoke/LambdaForm$MH+0x000001dc1b09a400'
Event: 10800.406 Thread 0x000001dc18006e30 Unloading class 0x000001dc1b08dc00 'java/lang/invoke/LambdaForm$MH+0x000001dc1b08dc00'
Event: 10800.407 Thread 0x000001dc18006e30 Unloading class 0x000001dc1b089000 'java/lang/invoke/LambdaForm$MH+0x000001dc1b089000'
Event: 10800.407 Thread 0x000001dc18006e30 Unloading class 0x000001dc1b088c00 'java/lang/invoke/LambdaForm$MH+0x000001dc1b088c00'
Event: 10800.407 Thread 0x000001dc18006e30 Unloading class 0x000001dc1b088400 'java/lang/invoke/LambdaForm$MH+0x000001dc1b088400'
Event: 10800.408 Thread 0x000001dc18006e30 Unloading class 0x000001dc1b004400 'java/lang/invoke/LambdaForm$MH+0x000001dc1b004400'

Classes redefined (0 events):
No events

Internal exceptions (20 events):
Event: 1.833 Thread 0x000001dc186c40c0 Exception <a 'java/lang/NoSuchMethodError'{0x0000000086fa2bf0}: static Lcom/intellij/database/remote/jdbc/RemoteResultSet$DataRetrievingOptions;.<clinit>()V> (0x0000000086fa2bf0) 
thrown [s\src\hotspot\share\prims\jni.cpp, line 1144]
Event: 1.838 Thread 0x000001dc186c40c0 Exception <a 'java/lang/NoSuchMethodError'{0x0000000086fb5968}: static [Ljava/lang/Object;.<clinit>()V> (0x0000000086fb5968) 
thrown [s\src\hotspot\share\prims\jni.cpp, line 1144]
Event: 300.404 Thread 0x000001dc186c4750 Implicit null exception at 0x000001dc0bb68e8b to 0x000001dc0bb68f50
Event: 2426.019 Thread 0x000001dc186c40c0 Implicit null exception at 0x000001dc0bade0bc to 0x000001dc0bade4ec
Event: 2426.115 Thread 0x000001dc186c40c0 Implicit null exception at 0x000001dc0bb2126c to 0x000001dc0bb21d94
Event: 2426.115 Thread 0x000001dc186c40c0 Implicit null exception at 0x000001dc0bb2d7dc to 0x000001dc0bb35414
Event: 4036.859 Thread 0x000001dc186c40c0 Implicit null exception at 0x000001dc0bad24bc to 0x000001dc0bad28ec
Event: 4037.247 Thread 0x000001dc186c40c0 Exception <a 'java/lang/NoSuchMethodError'{0x0000000087a3b278}: static Lcom/intellij/execution/rmi/RemoteObject$ForeignException;.<clinit>()V> (0x0000000087a3b278) 
thrown [s\src\hotspot\share\prims\jni.cpp, line 1144]
Event: 4037.335 Thread 0x000001dc186c40c0 Exception <a 'java/lang/NoSuchMethodError'{0x00000000878086e8}: static Lcom/intellij/database/remote/jdbc/ColumnInfo;.<clinit>()V> (0x00000000878086e8) 
thrown [s\src\hotspot\share\prims\jni.cpp, line 1144]
Event: 4037.336 Thread 0x000001dc186c40c0 Exception <a 'java/lang/NoSuchMethodError'{0x0000000087811d78}: 'java.lang.Object java.lang.invoke.DelegatingMethodHandle$Holder.reinvoke_L(java.lang.Object, java.lang.Object, java.lang.Object, java.lang.Object, int, int)'> (0x0000000087811d78) 
thrown [s\src\hotspot\share\interpreter\linkResolver.cpp, line 784]
Event: 4037.814 Thread 0x000001dc186c40c0 Exception <a 'java/lang/NoSuchMethodError'{0x000000008757d0f0}: static Lcom/intellij/database/remote/jdba/core/ConnectionInfo;.<clinit>()V> (0x000000008757d0f0) 
thrown [s\src\hotspot\share\prims\jni.cpp, line 1144]
Event: 4037.815 Thread 0x000001dc186c40c0 Exception <a 'java/lang/NoSuchMethodError'{0x0000000087587e40}: static Ljava/lang/Object;.<clinit>()V> (0x0000000087587e40) 
thrown [s\src\hotspot\share\prims\jni.cpp, line 1144]
Event: 4037.815 Thread 0x000001dc186c40c0 Exception <a 'java/lang/NoSuchMethodError'{0x000000008758c150}: static [I.<clinit>()V> (0x000000008758c150) 
thrown [s\src\hotspot\share\prims\jni.cpp, line 1144]
Event: 4037.826 Thread 0x000001dc186c40c0 Exception <a 'java/lang/NoSuchMethodError'{0x00000000875b0860}: 'java.lang.Object java.lang.invoke.DirectMethodHandle$Holder.invokeInterface(java.lang.Object, java.lang.Object, java.lang.Object, java.lang.Object)'> (0x00000000875b0860) 
thrown [s\src\hotspot\share\interpreter\linkResolver.cpp, line 784]
Event: 4037.976 Thread 0x000001dc186c40c0 Exception <a 'java/lang/NoSuchMethodError'{0x0000000087411120}: static Lcom/intellij/database/remote/jdba/core/ResultLayout;.<clinit>()V> (0x0000000087411120) 
thrown [s\src\hotspot\share\prims\jni.cpp, line 1144]
Event: 4037.976 Thread 0x000001dc186c40c0 Exception <a 'java/lang/NoSuchMethodError'{0x000000008741e250}: static Lcom/intellij/database/remote/jdba/core/RowLayout;.<clinit>()V> (0x000000008741e250) 
thrown [s\src\hotspot\share\prims\jni.cpp, line 1144]
Event: 4037.977 Thread 0x000001dc186c40c0 Exception <a 'java/lang/NoSuchMethodError'{0x0000000087436d18}: static Lcom/intellij/database/remote/jdba/util/NameAndClass;.<clinit>()V> (0x0000000087436d18) 
thrown [s\src\hotspot\share\prims\jni.cpp, line 1144]
Event: 4037.977 Thread 0x000001dc186c40c0 Exception <a 'java/lang/NoSuchMethodError'{0x0000000087439988}: 'java.lang.Object java.lang.invoke.DirectMethodHandle$Holder.invokeInterface(java.lang.Object, java.lang.Object, int, java.lang.Object)'> (0x0000000087439988) 
thrown [s\src\hotspot\share\interpreter\linkResolver.cpp, line 784]
Event: 4037.978 Thread 0x000001dc186c40c0 Exception <a 'java/lang/NoSuchMethodError'{0x000000008743d8b8}: 'java.lang.Object java.lang.invoke.DirectMethodHandle$Holder.invokeSpecial(java.lang.Object, java.lang.Object, java.lang.Object, int, java.lang.Object)'> (0x000000008743d8b8) 
thrown [s\src\hotspot\share\interpreter\linkResolver.cpp, line 784]
Event: 4038.469 Thread 0x000001dc186c40c0 Exception <a 'java/lang/NoSuchMethodError'{0x000000008737ec38}: static [J.<clinit>()V> (0x000000008737ec38) 
thrown [s\src\hotspot\share\prims\jni.cpp, line 1144]

ZGC Phase Switch (0 events):
No events

VM Operations (20 events):
Event: 9078.856 Executing VM operation: HandshakeAllThreads (HandshakeForDeflation)
Event: 9078.856 Executing VM operation: HandshakeAllThreads (HandshakeForDeflation) done
Event: 9078.856 Executing VM operation: RendezvousGCThreads
Event: 9078.856 Executing VM operation: RendezvousGCThreads done
Event: 10800.318 Executing VM operation: G1CollectFull (System.gc())
Event: 10800.572 Executing VM operation: G1CollectFull (System.gc()) done
Event: 11388.648 Executing VM operation: Cleanup
Event: 11388.649 Executing VM operation: Cleanup done
Event: 11619.699 Executing VM operation: Cleanup
Event: 11619.699 Executing VM operation: Cleanup done
Event: 11761.779 Executing VM operation: Cleanup
Event: 11761.779 Executing VM operation: Cleanup done
Event: 12000.704 Executing VM operation: Cleanup
Event: 12000.704 Executing VM operation: Cleanup done
Event: 12245.800 Executing VM operation: Cleanup
Event: 12245.800 Executing VM operation: Cleanup done
Event: 12301.223 Executing VM operation: Cleanup
Event: 12301.223 Executing VM operation: Cleanup done
Event: 12481.853 Executing VM operation: Cleanup
Event: 12481.853 Executing VM operation: Cleanup done

Memory protections (0 events):
No events

Nmethod flushes (20 events):
Event: 10800.541 Thread 0x000001dc18006e30 flushing  nmethod 0x000001dc04461a90
Event: 10800.541 Thread 0x000001dc18006e30 flushing  nmethod 0x000001dc0446f090
Event: 10800.541 Thread 0x000001dc18006e30 flushing  nmethod 0x000001dc04470b90
Event: 10800.541 Thread 0x000001dc18006e30 flushing  nmethod 0x000001dc04470f90
Event: 10800.541 Thread 0x000001dc18006e30 flushing  nmethod 0x000001dc04471390
Event: 10800.541 Thread 0x000001dc18006e30 flushing  nmethod 0x000001dc04472810
Event: 10800.541 Thread 0x000001dc18006e30 flushing  nmethod 0x000001dc04474010
Event: 10800.541 Thread 0x000001dc18006e30 flushing  nmethod 0x000001dc04475390
Event: 10800.541 Thread 0x000001dc18006e30 flushing  nmethod 0x000001dc04480190
Event: 10800.541 Thread 0x000001dc18006e30 flushing  nmethod 0x000001dc04482590
Event: 10800.541 Thread 0x000001dc18006e30 flushing  nmethod 0x000001dc04482b90
Event: 10800.541 Thread 0x000001dc18006e30 flushing  nmethod 0x000001dc0449a790
Event: 10800.541 Thread 0x000001dc18006e30 flushing  nmethod 0x000001dc0449b890
Event: 10800.541 Thread 0x000001dc18006e30 flushing  nmethod 0x000001dc044c4d10
Event: 10800.541 Thread 0x000001dc18006e30 flushing  nmethod 0x000001dc044c8610
Event: 10800.541 Thread 0x000001dc18006e30 flushing  nmethod 0x000001dc044c8a10
Event: 10800.541 Thread 0x000001dc18006e30 flushing  nmethod 0x000001dc044d3410
Event: 10800.541 Thread 0x000001dc18006e30 flushing  nmethod 0x000001dc0455cf10
Event: 10800.541 Thread 0x000001dc18006e30 flushing  nmethod 0x000001dc0459b010
Event: 10800.541 Thread 0x000001dc18006e30 flushing  nmethod 0x000001dc045c4010

Events (20 events):
Event: 4136.556 Thread 0x000001dc5f6a8130 Thread added: 0x000001dc5f6a87c0
Event: 4136.556 Thread 0x000001dc5f6aa200 Thread exited: 0x000001dc5f6aa200
Event: 4136.556 Thread 0x000001dc5f6a8130 Thread added: 0x000001dc5f6ac2d0
Event: 4136.556 Thread 0x000001dc5f6a8130 Thread added: 0x000001dc5f6aa200
Event: 4136.556 Thread 0x000001dc5f6abc40 Thread exited: 0x000001dc5f6abc40
Event: 4136.556 Thread 0x000001dc5f6a8130 Thread added: 0x000001dc5f6ac960
Event: 4136.556 Thread 0x000001dc5f6a8e50 Thread exited: 0x000001dc5f6a8e50
Event: 4136.556 Thread 0x000001dc5f6ab5b0 Thread exited: 0x000001dc5f6ab5b0
Event: 4136.556 Thread 0x000001dc5f6aa200 Thread exited: 0x000001dc5f6aa200
Event: 4136.557 Thread 0x000001dc5f6a87c0 Thread exited: 0x000001dc5f6a87c0
Event: 4136.557 Thread 0x000001dc5f6ac2d0 Thread exited: 0x000001dc5f6ac2d0
Event: 4136.557 Thread 0x000001dc5f6ac960 Thread exited: 0x000001dc5f6ac960
Event: 4141.967 Thread 0x000001dc186c40c0 Thread exited: 0x000001dc186c40c0
Event: 4189.814 Thread 0x000001dc5f6aaf20 Thread exited: 0x000001dc5f6aaf20
Event: 5874.148 Thread 0x000001dc184012a0 Thread added: 0x000001dc5f6a87c0
Event: 5957.673 Thread 0x000001dc5f6a8130 Thread exited: 0x000001dc5f6a8130
Event: 9013.281 Thread 0x000001dc5f6a87c0 Thread added: 0x000001dc5f6aa200
Event: 9013.281 Thread 0x000001dc5f6aa200 Thread exited: 0x000001dc5f6aa200
Event: 9054.475 Thread 0x000001dc5f6a87c0 Thread added: 0x000001dc5f6ab5b0
Event: 9054.486 Thread 0x000001dc5f6ab5b0 Thread exited: 0x000001dc5f6ab5b0


Dynamic libraries:
0x00007ff757660000 - 0x00007ff75766a000 	C:\Program Files\JetBrains\IntelliJ IDEA 2025.3.1.1\jbr\bin\java.exe
0x00007ffc5e980000 - 0x00007ffc5ebe7000 	C:\WINDOWS\SYSTEM32\ntdll.dll
0x00007ffc5d460000 - 0x00007ffc5d529000 	C:\WINDOWS\System32\KERNEL32.DLL
0x00007ffc5b4f0000 - 0x00007ffc5b8e4000 	C:\WINDOWS\System32\KERNELBASE.dll
0x00007ffc5b250000 - 0x00007ffc5b39b000 	C:\WINDOWS\System32\ucrtbase.dll
0x00007ffc47ff0000 - 0x00007ffc4800b000 	C:\Program Files\JetBrains\IntelliJ IDEA 2025.3.1.1\jbr\bin\VCRUNTIME140.dll
0x00007ffc01070000 - 0x00007ffc01088000 	C:\Program Files\JetBrains\IntelliJ IDEA 2025.3.1.1\jbr\bin\jli.dll
0x00007ffc5dc50000 - 0x00007ffc5de15000 	C:\WINDOWS\System32\USER32.dll
0x00007ffc5b8f0000 - 0x00007ffc5b917000 	C:\WINDOWS\System32\win32u.dll
0x00007ffc3eba0000 - 0x00007ffc3ee33000 	C:\WINDOWS\WinSxS\amd64_microsoft.windows.common-controls_6595b64144ccf1df_6.0.26100.8115_none_3e075c82e3354f9c\COMCTL32.dll
0x00007ffc5e700000 - 0x00007ffc5e72b000 	C:\WINDOWS\System32\GDI32.dll
0x00007ffc5c720000 - 0x00007ffc5c7c9000 	C:\WINDOWS\System32\msvcrt.dll
0x00007ffc5bcc0000 - 0x00007ffc5bdeb000 	C:\WINDOWS\System32\gdi32full.dll
0x00007ffc5bc10000 - 0x00007ffc5bcb3000 	C:\WINDOWS\System32\msvcp_win.dll
0x00007ffc5cb00000 - 0x00007ffc5cb32000 	C:\WINDOWS\System32\IMM32.DLL
0x00007ffc588e0000 - 0x00007ffc588ec000 	C:\Program Files\JetBrains\IntelliJ IDEA 2025.3.1.1\jbr\bin\vcruntime140_1.dll
0x00007ffbdbf10000 - 0x00007ffbdbf9d000 	C:\Program Files\JetBrains\IntelliJ IDEA 2025.3.1.1\jbr\bin\msvcp140.dll
0x00007ffbcf7e0000 - 0x00007ffbd05ad000 	C:\Program Files\JetBrains\IntelliJ IDEA 2025.3.1.1\jbr\bin\server\jvm.dll
0x00007ffc5de20000 - 0x00007ffc5ded6000 	C:\WINDOWS\System32\ADVAPI32.dll
0x00007ffc5e650000 - 0x00007ffc5e6f7000 	C:\WINDOWS\System32\sechost.dll
0x00007ffc5d990000 - 0x00007ffc5daa8000 	C:\WINDOWS\System32\RPCRT4.dll
0x00007ffc5e730000 - 0x00007ffc5e7b0000 	C:\WINDOWS\System32\WS2_32.dll
0x00007ffc59390000 - 0x00007ffc5939b000 	C:\WINDOWS\SYSTEM32\VERSION.dll
0x00007ffc50460000 - 0x00007ffc50496000 	C:\WINDOWS\SYSTEM32\WINMM.dll
0x00007ffc5b0d0000 - 0x00007ffc5b12e000 	C:\WINDOWS\SYSTEM32\POWRPROF.dll
0x00007ffc5b0b0000 - 0x00007ffc5b0c4000 	C:\WINDOWS\SYSTEM32\UMPDC.dll
0x00007ffc59fa0000 - 0x00007ffc59fbb000 	C:\WINDOWS\SYSTEM32\kernel.appcore.dll
0x00007ffc58880000 - 0x00007ffc5888a000 	C:\Program Files\JetBrains\IntelliJ IDEA 2025.3.1.1\jbr\bin\jimage.dll
0x00007ffc56430000 - 0x00007ffc56672000 	C:\WINDOWS\SYSTEM32\DBGHELP.DLL
0x00007ffc5d040000 - 0x00007ffc5d3c2000 	C:\WINDOWS\System32\combase.dll
0x00007ffc5c990000 - 0x00007ffc5ca68000 	C:\WINDOWS\System32\OLEAUT32.dll
0x00007ffc40550000 - 0x00007ffc4058b000 	C:\WINDOWS\SYSTEM32\dbgcore.DLL
0x00007ffc5c660000 - 0x00007ffc5c705000 	C:\WINDOWS\System32\bcryptPrimitives.dll
0x00007ffc47360000 - 0x00007ffc47380000 	C:\Program Files\JetBrains\IntelliJ IDEA 2025.3.1.1\jbr\bin\java.dll
0x00007ffc5dee0000 - 0x00007ffc5e647000 	C:\WINDOWS\System32\SHELL32.dll
0x00007ffc5baa0000 - 0x00007ffc5bc0a000 	C:\WINDOWS\System32\wintypes.dll
0x00007ffc5bdf0000 - 0x00007ffc5c658000 	C:\WINDOWS\System32\windows.storage.dll
0x00007ffc5d5a0000 - 0x00007ffc5d698000 	C:\WINDOWS\System32\SHCORE.dll
0x00007ffc5d530000 - 0x00007ffc5d596000 	C:\WINDOWS\System32\shlwapi.dll
0x00007ffc5b170000 - 0x00007ffc5b199000 	C:\WINDOWS\SYSTEM32\profapi.dll
0x00007ffc48dd0000 - 0x00007ffc48de0000 	C:\Program Files\JetBrains\IntelliJ IDEA 2025.3.1.1\jbr\bin\net.dll
0x00007ffc51f90000 - 0x00007ffc520bd000 	C:\WINDOWS\SYSTEM32\WINHTTP.dll
0x00007ffc5a4f0000 - 0x00007ffc5a55c000 	C:\WINDOWS\system32\mswsock.dll
0x00007ffc1e930000 - 0x00007ffc1e946000 	C:\Program Files\JetBrains\IntelliJ IDEA 2025.3.1.1\jbr\bin\nio.dll
0x00007ffc2e9c0000 - 0x00007ffc2e9d8000 	C:\Program Files\JetBrains\IntelliJ IDEA 2025.3.1.1\jbr\bin\zip.dll
0x00007ffc59980000 - 0x00007ffc599b2000 	C:\WINDOWS\SYSTEM32\IPHLPAPI.DLL
0x00007ffc5cb40000 - 0x00007ffc5cb4a000 	C:\WINDOWS\System32\NSI.dll
0x00007ffc5a8f0000 - 0x00007ffc5a90b000 	C:\WINDOWS\SYSTEM32\CRYPTSP.dll
0x00007ffc59f00000 - 0x00007ffc59f39000 	C:\WINDOWS\system32\rsaenh.dll
0x00007ffc5a5a0000 - 0x00007ffc5a5d3000 	C:\WINDOWS\SYSTEM32\USERENV.dll
0x00007ffc5b140000 - 0x00007ffc5b16a000 	C:\WINDOWS\SYSTEM32\bcrypt.dll
0x00007ffc5a750000 - 0x00007ffc5a75c000 	C:\WINDOWS\SYSTEM32\CRYPTBASE.dll
0x00007ffc2bed0000 - 0x00007ffc2bed9000 	C:\Program Files\JetBrains\IntelliJ IDEA 2025.3.1.1\jbr\bin\extnet.dll
0x00007ffbf8930000 - 0x00007ffbf8937000 	C:\Program Files\JetBrains\IntelliJ IDEA 2025.3.1.1\jbr\bin\rmi.dll
0x00007ffc2be50000 - 0x00007ffc2be59000 	C:\Program Files\JetBrains\IntelliJ IDEA 2025.3.1.1\jbr\bin\management.dll
0x00007ffc2ada0000 - 0x00007ffc2adab000 	C:\Program Files\JetBrains\IntelliJ IDEA 2025.3.1.1\jbr\bin\management_ext.dll
0x00007ffc5c710000 - 0x00007ffc5c718000 	C:\WINDOWS\System32\PSAPI.DLL
0x00007ffc30060000 - 0x00007ffc30078000 	C:\WINDOWS\system32\napinsp.dll
0x00007ffc59a70000 - 0x00007ffc59ba2000 	C:\WINDOWS\SYSTEM32\DNSAPI.dll
0x00007ffc2f7c0000 - 0x00007ffc2f7d3000 	C:\WINDOWS\System32\winrnr.dll
0x00007ffc2f790000 - 0x00007ffc2f7b2000 	C:\WINDOWS\system32\nlansp_c.dll
0x00007ffc497a0000 - 0x00007ffc497b6000 	C:\WINDOWS\system32\wshbth.dll
0x00007ffc51800000 - 0x00007ffc5180b000 	C:\Windows\System32\rasadhlp.dll
0x00007ffc53230000 - 0x00007ffc532b6000 	C:\WINDOWS\System32\fwpuclnt.dll

JVMTI agents: none

dbghelp: loaded successfully - version: 4.0.5 - missing functions: none
symbol engine: initialized successfully - sym options: 0x614 - pdb path: .;C:\Program Files\JetBrains\IntelliJ IDEA 2025.3.1.1\jbr\bin;C:\WINDOWS\SYSTEM32;C:\WINDOWS\WinSxS\amd64_microsoft.windows.common-controls_6595b64144ccf1df_6.0.26100.8115_none_3e075c82e3354f9c;C:\Program Files\JetBrains\IntelliJ IDEA 2025.3.1.1\jbr\bin\server

VM Arguments:
jvm_args: -Djava.rmi.server.hostname=127.0.0.1 -Duser.timezone=UTC -Xmx2048m -Xms128m --add-exports=java.desktop/sun.awt=ALL-UNNAMED --add-exports=java.desktop/java.awt.peer=ALL-UNNAMED --add-opens=java.desktop/java.awt=ALL-UNNAMED --add-opens=jdk.unsupported/sun.misc=ALL-UNNAMED --add-opens=java.base/java.nio=ALL-UNNAMED --add-opens=java.base/java.util=ALL-UNNAMED -Dfile.encoding=UTF-8 -Dsun.stdout.encoding=UTF-8 -Dsun.stderr.encoding=UTF-8 
java_command: com.intellij.database.remote.RemoteJdbcServer oracle.jdbc.OracleDriver
java_class_path (initial): C:\Program Files\JetBrains\IntelliJ IDEA 2025.3.1.1\lib\util_rt.jar;C:\Program Files\JetBrains\IntelliJ IDEA 2025.3.1.1\lib\module-intellij.libraries.fastutil.jar;C:\Program Files\JetBrains\IntelliJ IDEA 2025.3.1.1\lib\groovy.jar;C:\Program Files\JetBrains\IntelliJ IDEA 2025.3.1.1\plugins\DatabaseTools\lib\modules\intellij.database.jdbcConsole.jar;C:\Program Files\JetBrains\IntelliJ IDEA 2025.3.1.1\lib\modules\intellij.grid.types.jar;C:\Program Files\JetBrains\IntelliJ IDEA 2025.3.1.1\lib\util.jar;C:\Program Files\JetBrains\IntelliJ IDEA 2025.3.1.1\lib\module-intellij.libraries.bouncy.castle.provider.jar
Launcher Type: SUN_STANDARD

[Global flags]
     intx CICompilerCount                          = 4                                         {product} {ergonomic}
     uint ConcGCThreads                            = 3                                         {product} {ergonomic}
     uint G1ConcRefinementThreads                  = 10                                        {product} {ergonomic}
   size_t G1HeapRegionSize                         = 1048576                                   {product} {ergonomic}
    uintx GCDrainStackTargetSize                   = 64                                        {product} {ergonomic}
   size_t InitialHeapSize                          = 134217728                                 {product} {command line}
   size_t MarkStackSize                            = 4194304                                   {product} {ergonomic}
   size_t MaxHeapSize                              = 2147483648                                {product} {command line}
   size_t MaxNewSize                               = 1287651328                                {product} {ergonomic}
   size_t MinHeapDeltaBytes                        = 1048576                                   {product} {ergonomic}
   size_t MinHeapSize                              = 134217728                                 {product} {command line}
    uintx NonNMethodCodeHeapSize                   = 5839372                                {pd product} {ergonomic}
    uintx NonProfiledCodeHeapSize                  = 122909434                              {pd product} {ergonomic}
    uintx ProfiledCodeHeapSize                     = 122909434                              {pd product} {ergonomic}
    uintx ReservedCodeCacheSize                    = 251658240                              {pd product} {ergonomic}
     bool SegmentedCodeCache                       = true                                      {product} {ergonomic}
   size_t SoftMaxHeapSize                          = 2147483648                             {manageable} {ergonomic}
     bool UseCompressedOops                        = true                           {product lp64_product} {ergonomic}
     bool UseG1GC                                  = true                                      {product} {ergonomic}
     bool UseLargePagesIndividualAllocation        = false                                  {pd product} {ergonomic}

Logging:
Log output configuration:
 #0: stdout all=warning uptime,level,tags foldmultilines=false
 #1: stderr all=off uptime,level,tags foldmultilines=false

Release file:
JAVA_VERSION="21.0.9" 
MODULES="java.base java.datatransfer java.xml java.prefs java.desktop gluegen.rt java.compiler java.instrument java.logging java.management java.security.sasl java.naming java.rmi java.management.rmi java.net.http java.scripting java.security.jgss java.transaction.xa java.sql java.sql.rowset java.xml.crypto java.se java.smartcardio jogl.all jcef jdk.accessibility jdk.internal.jvmstat jdk.attach jdk.charsets jdk.internal.opt jdk.zipfs jdk.compiler jdk.crypto.ec jdk.crypto.cryptoki jdk.crypto.mscapi jdk.dynalink jdk.hotspot.agent jdk.httpserver jdk.internal.ed jdk.internal.le jdk.internal.vm.ci jdk.javadoc jdk.jcmd jdk.jdwp.agent jdk.jdi jdk.jfr jdk.jsobject jdk.localedata jdk.management jdk.management.agent jdk.management.jfr jdk.naming.dns jdk.naming.rmi jdk.net jdk.sctp jdk.security.auth jdk.security.jgss jdk.unsupported jdk.unsupported.desktop jdk.xml.dom" 
IMPLEMENTOR="JetBrains s.r.o." 
IMPLEMENTOR_VERSION="JBR-21.0.9+1-1163.86-jcef" 
JAVA_RUNTIME_VERSION="21.0.9+1-b1163.86" 
LIBC="default" 
OS_ARCH="x86_64" 
OS_NAME="Windows" 
SOURCE=".:git:1a60506bbd2d+ jcef_git:git:4a605f44671a" 
JCEF_VERSION="137.0.17.1086+g6f9ab69" 
JCEF_COMMIT_HASH="6f9ab690b28a1262f82e6f869c310bdf1d0697ac" 

Environment Variables:
JAVA_HOME=C:\Users\Thanh Trung\Downloads\jdk-23_windows-x64_bin\jdk-23.0.1
PATH=C:\WINDOWS\system32;C:\WINDOWS;C:\WINDOWS\System32\Wbem;C:\WINDOWS\System32\WindowsPowerShell\v1.0\;C:\WINDOWS\System32\OpenSSH\;C:\Program Files\dotnet\;C:\Program Files\Microsoft SQL Server\Client SDK\ODBC\170\Tools\Binn\;C:\Program Files (x86)\Microsoft SQL Server\150\Tools\Binn\;C:\Program Files\Microsoft SQL Server\150\Tools\Binn\;C:\Program Files\Microsoft SQL Server\150\DTS\Binn\;C:\Program Files (x86)\Microsoft SQL Server\150\DTS\Binn\;C:\Program Files\Azure Data Studio\bin;C:\MinGW\bin;C:\Program Files\Docker\Docker\resources\bin;C:\Users\Thanh Trung\Downloads\jdk-23_windows-x64_bin\jdk-23.0.1\bin;C:\Program Files (x86)\ZeroTier\One\;C:\Users\Thanh Trung\AppData\Local\Android\Sdk\tools;C:\Users\Thanh Trung\AppData\Local\Android\Sdk\platform-tools;C:\Program Files\Git\cmd;C:\Program Files\MySQL\MySQL Server 8.0\bin;C:\Program Files\nodejs\;C:\Users\Thanh Trung\AppData\Local\Microsoft\WindowsApps;C:\Program Files\Azure Data Studio\bin;C:\Users\Thanh Trung\AppData\Local\Programs\Microsoft VS Code\bin;C:\Users\Thanh Trung\Downloads\ngrok-v3-stable-windows-amd64;C:\Users\Thanh Trung\AppData\Roaming\npm;C:\Users\Thanh Trung\.dotnet\tools
USERNAME=Thanh Trung
OS=Windows_NT
PROCESSOR_IDENTIFIER=Intel64 Family 6 Model 154 Stepping 4, GenuineIntel
TMP=C:\Users\THANHT~1\AppData\Local\Temp
TEMP=C:\Users\THANHT~1\AppData\Local\Temp




Periodic native trim disabled

JNI global refs:
JNI global refs: 17, weak refs: 0

JNI global refs memory usage: 835, weak refs: 201

Process memory usage:
Resident Set Size: 30820K (0% of 16454344K total physical memory with 1952632K free physical memory)

OOME stack traces (most recent first):
Classloader memory used:
Loader com.intellij.database.remote.jdbc.impl.JdbcClassLoader$JdbcClassLoaderImpl      : 10990K
Loader bootstrap                                                                       : 5927K
Loader jdk.internal.loader.ClassLoaders$AppClassLoader                                 : 3604K
Loader jdk.internal.loader.ClassLoaders$PlatformClassLoader                            : 401K
Loader jdk.internal.reflect.DelegatingClassLoader                                      : 37664B

---------------  S Y S T E M  ---------------

OS:
 Windows 11 , 64 bit Build 26100 (10.0.26100.8246)
OS uptime: 0 days 7:57 hours
Hyper-V role detected

CPU: total 12 (initial active 12) (6 cores per cpu, 2 threads per core) family 6 model 154 stepping 4 microcode 0x43b, cx8, cmov, fxsr, ht, mmx, 3dnowpref, sse, sse2, sse3, ssse3, sse4.1, sse4.2, popcnt, lzcnt, tsc, tscinvbit, avx, avx2, aes, erms, clmul, bmi1, bmi2, adx, sha, fma, vzeroupper, clflush, clflushopt, clwb, hv, serialize, rdtscp, rdpid, fsrm, f16c, cet_ibt, cet_ss
Processor Information for the first 12 processors :
  Max Mhz: 1300, Current Mhz: 1300, Mhz Limit: 1300

Memory: 4k page, system-wide physical 16068M (1890M free)
TotalPageFile size 33143M (AvailPageFile size 5M)
current process WorkingSet (physical memory assigned to process): 40M, peak: 158M
current process commit charge ("private bytes"): 275M, peak: 308M

vm_info: OpenJDK 64-Bit Server VM (21.0.9+1-b1163.86) for windows-amd64 JRE (21.0.9+1-b1163.86), built on 2025-12-02 by "builduser" with MS VC++ 16.10 / 16.11 (VS2019)

END.
